INFO 2025-11-02 16:45:28,092 autoreload Watching for file changes with StatReloader
INFO 2025-11-02 16:45:48,669 basehttp "GET /dashboard/student/ HTTP/1.1" 200 77189
INFO 2025-11-02 16:45:49,396 basehttp "GET /.well-known/appspecific/com.chrome.devtools.json HTTP/1.1" 302 0
INFO 2025-11-02 16:45:49,555 basehttp "GET /static/images/default-avatar.jpg HTTP/1.1" 200 99373
INFO 2025-11-02 16:45:49,590 basehttp "GET /static/css/dashboard/dashboard.css HTTP/1.1" 200 19647
INFO 2025-11-02 16:45:49,602 basehttp "GET /static/js/dashboard/dashboard.js HTTP/1.1" 200 22935
INFO 2025-11-02 16:45:49,605 basehttp "GET /static/js/dashboard/components.js HTTP/1.1" 200 28077
INFO 2025-11-02 16:45:49,617 basehttp "GET /static/css/dashboard/student.css HTTP/1.1" 200 8273
INFO 2025-11-02 16:45:49,845 basehttp "GET /dashboard/student/ HTTP/1.1" 200 77189
INFO 2025-11-02 16:45:50,951 views    Email: testuser.testeur@gmail.com
INFO 2025-11-02 16:45:50,952 views    Matricule: AP20250004
INFO 2025-11-02 16:45:51,022 views    - CAND2025 UOST0001: Sciences et Technologies - Licence 1
INFO 2025-11-02 16:45:51,024 basehttp "GET /payments/inscription/verifier-statut/ HTTP/1.1" 200 161
INFO 2025-11-02 16:45:51,262 basehttp "GET /payments/inscription/initier/ HTTP/1.1" 200 1170
INFO 2025-11-02 16:45:55,115 views Initiation inscription: candidature_id=879042c2-035c-4a1b-9917-345cc8330185, type=ECHELONNE
INFO 2025-11-02 16:45:55,136 views Inscription créée: INS2025UO00002 (statut: PENDING)
INFO 2025-11-02 16:45:55,142 views InscriptionPaiement créé: 6b56e67f-8631-4f39-a12d-cb6787d6b140
INFO 2025-11-02 16:45:55,148 views Paiement créé: PAY20251102164555D0F686
INFO 2025-11-02 16:45:55,167 basehttp "POST /payments/inscription/initier/ HTTP/1.1" 302 0
ERROR 2025-11-02 16:45:56,493 ligdicash Response content: 
<!DOCTYPE html>
<html>
<head>

<style type=text/css>

p {    color: #0ecc8a;    
font-weight: 900;   
font-size: 100px;    
font-family: Helvetica, Arial, sans-serif;   
 }

</style>
</head>

<body>

<center><p>404<br><br></p></center>

</body>
</html>            
            
INFO 2025-11-02 16:45:56,517 basehttp "GET /payments/ligdicash/payer/fcc5887a-69ce-420b-87cb-f87f9086064c/ HTTP/1.1" 302 0
INFO 2025-11-02 16:45:56,702 basehttp "GET /dashboard/student/ HTTP/1.1" 200 77204
INFO 2025-11-02 16:45:57,240 basehttp "GET /.well-known/appspecific/com.chrome.devtools.json HTTP/1.1" 302 0
INFO 2025-11-02 16:45:57,470 basehttp "GET /dashboard/student/ HTTP/1.1" 200 77204
INFO 2025-11-02 16:45:58,032 views    Email: testuser.testeur@gmail.com
INFO 2025-11-02 16:45:58,035 views    Matricule: AP20250004
INFO 2025-11-02 16:45:58,143 views    - CAND2025 UOST0001: Sciences et Technologies - Licence 1
INFO 2025-11-02 16:45:58,145 basehttp "GET /payments/inscription/verifier-statut/ HTTP/1.1" 200 161
INFO 2025-11-02 16:45:58,363 basehttp "GET /payments/inscription/initier/ HTTP/1.1" 200 1170
INFO 2025-11-02 17:22:22,667 autoreload E:\formis_app\_formis\apps\payments\services\ligdicash.py changed, reloading.
INFO 2025-11-02 17:22:25,194 autoreload Watching for file changes with StatReloader
INFO 2025-11-02 17:22:57,703 basehttp "GET /dashboard/student/ HTTP/1.1" 200 77189
INFO 2025-11-02 17:22:58,220 basehttp "GET /.well-known/appspecific/com.chrome.devtools.json HTTP/1.1" 302 0
INFO 2025-11-02 17:22:58,551 basehttp "GET /dashboard/student/ HTTP/1.1" 200 77189
INFO 2025-11-02 17:22:59,362 views    Email: testuser.testeur@gmail.com
INFO 2025-11-02 17:22:59,362 views    Matricule: AP20250004
INFO 2025-11-02 17:22:59,442 views    - CAND2025 UOST0001: Sciences et Technologies - Licence 1
INFO 2025-11-02 17:22:59,444 basehttp "GET /payments/inscription/verifier-statut/ HTTP/1.1" 200 161
INFO 2025-11-02 17:22:59,700 basehttp "GET /payments/inscription/initier/ HTTP/1.1" 200 1170
INFO 2025-11-02 17:23:03,100 views Initiation inscription: candidature_id=879042c2-035c-4a1b-9917-345cc8330185, type=ECHELONNE
INFO 2025-11-02 17:23:03,132 views Inscription créée: INS2025UO00002 (statut: PENDING)
INFO 2025-11-02 17:23:03,134 views InscriptionPaiement créé: 03448331-e181-4691-8830-5d69a30bdb77
INFO 2025-11-02 17:23:03,145 views Paiement créé: PAY20251102172303CD72BE
INFO 2025-11-02 17:23:03,159 basehttp "POST /payments/inscription/initier/ HTTP/1.1" 302 0
INFO 2025-11-02 17:23:03,367 basehttp "GET /payments/ligdicash/payer/23b0e516-d236-423b-afa4-a1799a27d750/ HTTP/1.1" 302 0
INFO 2025-11-02 17:23:03,544 basehttp "GET /dashboard/student/ HTTP/1.1" 200 77204
INFO 2025-11-02 17:23:04,148 basehttp "GET /.well-known/appspecific/com.chrome.devtools.json HTTP/1.1" 302 0
INFO 2025-11-02 17:23:04,393 basehttp "GET /dashboard/student/ HTTP/1.1" 200 77204
INFO 2025-11-02 17:23:05,022 views    Email: testuser.testeur@gmail.com
INFO 2025-11-02 17:23:05,023 views    Matricule: AP20250004
INFO 2025-11-02 17:23:05,090 views    - CAND2025 UOST0001: Sciences et Technologies - Licence 1
INFO 2025-11-02 17:23:05,092 basehttp "GET /payments/inscription/verifier-statut/ HTTP/1.1" 200 161
INFO 2025-11-02 17:23:05,404 basehttp "GET /payments/inscription/initier/ HTTP/1.1" 200 1170
INFO 2025-11-02 17:23:08,440 views Initiation inscription: candidature_id=879042c2-035c-4a1b-9917-345cc8330185, type=ECHELONNE
INFO 2025-11-02 17:23:08,469 views Inscription créée: INS2025UO00002 (statut: PENDING)
INFO 2025-11-02 17:23:08,471 views InscriptionPaiement créé: e2870f4d-12c4-4f4f-b269-d9518b31b09a
INFO 2025-11-02 17:23:08,476 views Paiement créé: PAY202511021723088DAE00
INFO 2025-11-02 17:23:08,491 basehttp "POST /payments/inscription/initier/ HTTP/1.1" 302 0
INFO 2025-11-02 17:23:08,727 basehttp "GET /payments/ligdicash/payer/502a8411-2ac9-4147-b3dd-5941448c9c62/ HTTP/1.1" 302 0
INFO 2025-11-02 17:23:08,938 basehttp "GET /dashboard/student/ HTTP/1.1" 200 77204
INFO 2025-11-02 17:23:09,475 basehttp "GET /.well-known/appspecific/com.chrome.devtools.json HTTP/1.1" 302 0
INFO 2025-11-02 17:23:09,702 basehttp "GET /dashboard/student/ HTTP/1.1" 200 77204
INFO 2025-11-02 17:23:10,297 views    Email: testuser.testeur@gmail.com
INFO 2025-11-02 17:23:10,297 views    Matricule: AP20250004
INFO 2025-11-02 17:23:10,397 views    - CAND2025 UOST0001: Sciences et Technologies - Licence 1
INFO 2025-11-02 17:23:10,399 basehttp "GET /payments/inscription/verifier-statut/ HTTP/1.1" 200 161
INFO 2025-11-02 17:23:10,597 basehttp "GET /payments/inscription/initier/ HTTP/1.1" 200 1170
INFO 2025-11-02 17:23:15,106 views Initiation inscription: candidature_id=879042c2-035c-4a1b-9917-345cc8330185, type=ECHELONNE
INFO 2025-11-02 17:23:15,131 views Inscription créée: INS2025UO00002 (statut: PENDING)
INFO 2025-11-02 17:23:15,133 views InscriptionPaiement créé: 734a9b77-49a9-4852-8d27-289f7175ec23
INFO 2025-11-02 17:23:15,138 views Paiement créé: PAY20251102172315E76C11
INFO 2025-11-02 17:23:15,154 basehttp "POST /payments/inscription/initier/ HTTP/1.1" 302 0
INFO 2025-11-02 17:23:15,325 basehttp "GET /payments/ligdicash/payer/ff3aac36-b2c7-4cee-8845-47f42107cf04/ HTTP/1.1" 302 0
INFO 2025-11-02 17:23:15,496 basehttp "GET /dashboard/student/ HTTP/1.1" 200 77204
INFO 2025-11-02 17:23:16,088 basehttp "GET /.well-known/appspecific/com.chrome.devtools.json HTTP/1.1" 302 0
INFO 2025-11-02 17:23:16,338 basehttp "GET /dashboard/student/ HTTP/1.1" 200 77204
INFO 2025-11-02 17:23:16,991 views    Email: testuser.testeur@gmail.com
INFO 2025-11-02 17:23:16,992 views    Matricule: AP20250004
INFO 2025-11-02 17:23:17,053 views    - CAND2025 UOST0001: Sciences et Technologies - Licence 1
INFO 2025-11-02 17:23:17,055 basehttp "GET /payments/inscription/verifier-statut/ HTTP/1.1" 200 161
INFO 2025-11-02 17:23:17,236 basehttp "GET /payments/inscription/initier/ HTTP/1.1" 200 1170
INFO 2025-11-02 22:03:57,961 autoreload E:\formis_app\_formis\apps\payments\services\ligdicash.py changed, reloading.
INFO 2025-11-02 22:04:01,849 autoreload Watching for file changes with StatReloader
INFO 2025-11-02 22:08:28,549 autoreload E:\formis_app\_formis\apps\enrollment\managers.py changed, reloading.
INFO 2025-11-02 22:08:29,787 autoreload Watching for file changes with StatReloader
INFO 2025-11-02 22:44:43,297 basehttp "GET /dashboard/admin/department_heads/ HTTP/1.1" 200 57902
INFO 2025-11-02 22:44:48,556 basehttp "GET /dashboard/admin/users/ HTTP/1.1" 200 93598
INFO 2025-11-02 22:44:55,007 basehttp "GET /dashboard/admin/students/ HTTP/1.1" 200 86402
INFO 2025-11-02 22:45:00,270 basehttp "GET /dashboard/admin/candidatures/ HTTP/1.1" 200 70668
INFO 2025-11-02 22:45:15,180 basehttp "GET / HTTP/1.1" 200 22535
WARNING 2025-11-02 22:45:15,873 log Not Found: /.well-known/appspecific/com.chrome.devtools.json
WARNING 2025-11-02 22:45:15,878 basehttp "GET /.well-known/appspecific/com.chrome.devtools.json HTTP/1.1" 404 4132
INFO 2025-11-02 22:45:46,168 basehttp "GET /dashboard/department_head/ HTTP/1.1" 200 51837
INFO 2025-11-02 22:48:19,068 autoreload E:\formis_app\_formis\apps\enrollment\models.py changed, reloading.
INFO 2025-11-02 22:48:24,747 autoreload Watching for file changes with StatReloader
INFO 2025-11-02 22:50:37,737 autoreload E:\formis_app\_formis\apps\enrollment\models.py changed, reloading.
INFO 2025-11-02 22:50:41,286 autoreload Watching for file changes with StatReloader
INFO 2025-11-02 22:50:51,823 autoreload E:\formis_app\_formis\apps\enrollment\models.py changed, reloading.
INFO 2025-11-02 22:50:54,635 autoreload Watching for file changes with StatReloader
INFO 2025-11-02 22:51:11,056 autoreload E:\formis_app\_formis\apps\enrollment\models.py changed, reloading.
INFO 2025-11-02 22:51:12,829 autoreload Watching for file changes with StatReloader
INFO 2025-11-02 22:54:09,675 autoreload E:\formis_app\_formis\apps\enrollment\managers.py changed, reloading.
INFO 2025-11-02 22:54:11,543 autoreload Watching for file changes with StatReloader
INFO 2025-11-02 22:54:25,576 autoreload E:\formis_app\_formis\apps\enrollment\managers.py changed, reloading.
INFO 2025-11-02 22:54:27,645 autoreload Watching for file changes with StatReloader
INFO 2025-11-02 22:55:11,214 autoreload E:\formis_app\_formis\apps\enrollment\managers.py changed, reloading.
INFO 2025-11-02 22:55:13,281 autoreload Watching for file changes with StatReloader
INFO 2025-11-02 22:57:24,907 autoreload E:\formis_app\_formis\apps\enrollment\managers.py changed, reloading.
INFO 2025-11-02 22:57:26,753 autoreload Watching for file changes with StatReloader
INFO 2025-11-02 22:57:34,282 autoreload E:\formis_app\_formis\apps\enrollment\managers.py changed, reloading.
INFO 2025-11-02 22:57:36,101 autoreload Watching for file changes with StatReloader
INFO 2025-11-02 22:59:13,380 autoreload E:\formis_app\_formis\apps\enrollment\views.py changed, reloading.
INFO 2025-11-02 22:59:17,925 autoreload Watching for file changes with StatReloader
INFO 2025-11-02 23:00:03,296 autoreload E:\formis_app\_formis\apps\enrollment\views.py changed, reloading.
INFO 2025-11-02 23:00:06,505 autoreload Watching for file changes with StatReloader
INFO 2025-11-02 23:01:07,542 autoreload E:\formis_app\_formis\apps\enrollment\views.py changed, reloading.
INFO 2025-11-02 23:01:13,929 autoreload Watching for file changes with StatReloader
INFO 2025-11-02 23:02:44,698 autoreload E:\formis_app\_formis\apps\enrollment\views.py changed, reloading.
INFO 2025-11-02 23:02:49,330 autoreload Watching for file changes with StatReloader
INFO 2025-11-02 23:17:40,586 autoreload E:\formis_app\_formis\apps\enrollment\views.py changed, reloading.
INFO 2025-11-02 23:17:43,663 autoreload Watching for file changes with StatReloader
INFO 2025-11-02 23:19:43,173 autoreload E:\formis_app\_formis\apps\enrollment\views.py changed, reloading.
INFO 2025-11-02 23:19:47,458 autoreload Watching for file changes with StatReloader
INFO 2025-11-02 23:25:53,982 autoreload E:\formis_app\_formis\apps\enrollment\views.py changed, reloading.
INFO 2025-11-02 23:25:58,107 autoreload Watching for file changes with StatReloader
INFO 2025-11-02 23:26:24,716 autoreload E:\formis_app\_formis\apps\enrollment\views.py changed, reloading.
INFO 2025-11-02 23:26:25,859 autoreload Watching for file changes with StatReloader
INFO 2025-11-02 23:26:41,190 autoreload E:\formis_app\_formis\apps\enrollment\views.py changed, reloading.
INFO 2025-11-02 23:26:44,329 autoreload Watching for file changes with StatReloader
INFO 2025-11-02 23:27:33,355 autoreload E:\formis_app\_formis\apps\enrollment\views.py changed, reloading.
INFO 2025-11-02 23:27:35,116 autoreload Watching for file changes with StatReloader
INFO 2025-11-02 23:27:44,623 autoreload E:\formis_app\_formis\apps\enrollment\views.py changed, reloading.
INFO 2025-11-02 23:27:47,181 autoreload Watching for file changes with StatReloader
INFO 2025-11-02 23:28:04,975 autoreload E:\formis_app\_formis\apps\enrollment\views.py changed, reloading.
INFO 2025-11-02 23:28:07,950 autoreload Watching for file changes with StatReloader
INFO 2025-11-02 23:32:35,485 autoreload E:\formis_app\_formis\apps\enrollment\urls.py changed, reloading.
INFO 2025-11-02 23:32:36,943 autoreload Watching for file changes with StatReloader
INFO 2025-11-02 23:33:29,037 autoreload E:\formis_app\_formis\apps\payments\urls.py changed, reloading.
INFO 2025-11-02 23:33:31,819 autoreload Watching for file changes with StatReloader
INFO 2025-11-02 23:35:18,542 autoreload E:\formis_app\_formis\apps\payments\urls.py changed, reloading.
INFO 2025-11-02 23:35:20,089 autoreload Watching for file changes with StatReloader
INFO 2025-11-02 23:36:16,248 basehttp "GET /enrollment/candidature/nouvelle/ HTTP/1.1" 200 65344
INFO 2025-11-02 23:36:16,990 basehttp "GET /establishments/api/public/etablissements/ HTTP/1.1" 200 386
INFO 2025-11-02 23:36:17,025 basehttp "GET /establishments/api/public/annees-academiques/ HTTP/1.1" 200 188
INFO 2025-11-02 23:52:46,270 autoreload E:\formis_app\_formis\apps\payments\views.py changed, reloading.
INFO 2025-11-02 23:52:48,170 autoreload Watching for file changes with StatReloader
INFO 2025-11-02 23:53:17,395 autoreload E:\formis_app\_formis\apps\payments\views.py changed, reloading.
INFO 2025-11-02 23:53:19,160 autoreload Watching for file changes with StatReloader
INFO 2025-11-02 23:54:38,450 autoreload E:\formis_app\_formis\apps\payments\views.py changed, reloading.
INFO 2025-11-02 23:54:42,066 autoreload Watching for file changes with StatReloader
INFO 2025-11-02 23:55:46,187 autoreload E:\formis_app\_formis\apps\payments\views.py changed, reloading.
INFO 2025-11-02 23:55:48,129 autoreload Watching for file changes with StatReloader
INFO 2025-11-02 23:55:56,506 autoreload E:\formis_app\_formis\apps\payments\views.py changed, reloading.
INFO 2025-11-02 23:55:59,581 autoreload Watching for file changes with StatReloader
INFO 2025-11-02 23:58:37,544 basehttp "GET /enrollment/candidature/nouvelle/ HTTP/1.1" 200 65344
INFO 2025-11-02 23:58:38,072 basehttp "GET /establishments/api/public/annees-academiques/ HTTP/1.1" 200 188
INFO 2025-11-02 23:58:38,094 basehttp "GET /establishments/api/public/etablissements/ HTTP/1.1" 200 386
INFO 2025-11-03 00:00:02,105 basehttp "GET /enrollment/candidature/nouvelle/ HTTP/1.1" 200 65344
INFO 2025-11-03 00:00:02,665 basehttp "GET /establishments/api/public/annees-academiques/ HTTP/1.1" 200 188
INFO 2025-11-03 00:00:02,751 basehttp "GET /establishments/api/public/etablissements/ HTTP/1.1" 200 386
INFO 2025-11-03 00:03:04,328 basehttp "GET /academic/api/public/departements/66b3697d-1eeb-4fe5-8c28-91b9caf2b84f/ HTTP/1.1" 200 1712
INFO 2025-11-03 00:03:10,450 basehttp "GET /academic/api/public/filieres/075af644-72bd-4d54-b30f-e96a3b5defbe/ HTTP/1.1" 200 1086
INFO 2025-11-03 00:03:13,598 basehttp "GET /academic/api/public/niveaux/faa8d711-8867-4445-b270-e2170bfa96f7/ HTTP/1.1" 200 924
INFO 2025-11-03 00:03:13,730 basehttp "GET /enrollment/api/public/documents-requis/filiere/faa8d711-8867-4445-b270-e2170bfa96f7/ HTTP/1.1" 200 171
INFO 2025-11-03 00:19:20,563 views Début traitement candidature AJAX
INFO 2025-11-03 00:19:26,288 views Email de confirmation envoyé à testuser.testeur@gmail.com
INFO 2025-11-03 00:19:26,293 views Candidature créée et soumise: CAND2025 UOST0001
INFO 2025-11-03 00:19:26,406 basehttp "POST /enrollment/candidature/nouvelle/ HTTP/1.1" 200 272
INFO 2025-11-03 00:19:29,173 basehttp "GET /enrollment/candidature/success/?numero=CAND2025%20UOST0001 HTTP/1.1" 200 10748
INFO 2025-11-03 00:20:29,900 basehttp "GET /dashboard/department_head/candidatures/ HTTP/1.1" 200 93447
INFO 2025-11-03 00:20:41,699 views Examen démarré pour candidature CAND2025 UOST0001 par Frankenstein
INFO 2025-11-03 00:20:41,703 basehttp "POST /enrollment/candidature/95ba4cd1-d4fa-4777-a880-0a4d22b329a1/start-exam/ HTTP/1.1" 200 73
INFO 2025-11-03 00:20:44,036 basehttp "GET /dashboard/department_head/candidatures/ HTTP/1.1" 200 93466
INFO 2025-11-03 00:20:48,232 basehttp "GET /enrollment/candidature/95ba4cd1-d4fa-4777-a880-0a4d22b329a1/documents-ajax/ HTTP/1.1" 200 46
INFO 2025-11-03 00:20:50,723 basehttp "GET /enrollment/candidature/95ba4cd1-d4fa-4777-a880-0a4d22b329a1/details-ajax/ HTTP/1.1" 200 750
INFO 2025-11-03 00:21:05,031 managers Email de création de compte envoyé avec succès à testuser.testeur@gmail.com (Matricule: AP20250004, Rôle: APPRENANT)
INFO 2025-11-03 00:21:05,049 signals Compte existant pour testuser.testeur@gmail.com, pas de création
INFO 2025-11-03 00:21:08,237 views Compte existe déjà pour testuser.testeur@gmail.com
INFO 2025-11-03 00:21:08,244 basehttp "POST /enrollment/candidature/95ba4cd1-d4fa-4777-a880-0a4d22b329a1/evaluer/ HTTP/1.1" 200 139
INFO 2025-11-03 00:21:11,942 basehttp "GET /dashboard/department_head/candidatures/ HTTP/1.1" 200 93142
ERROR 2025-11-03 00:22:17,691 log Internal Server Error: /enrollment/inscription/nouvelle/EOqWmZfQcPW0a91hLrcUBWdx397ja4uJMP9SkZg3-Aw/
Traceback (most recent call last):
  File "E:\formis_app\.env\Lib\site-packages\django\template\backends\django.py", line 107, in render
    return self.template.render(context)
           ^^^^^^^^^^^^^^^^^^^^^^^^^^^^^
  File "E:\formis_app\.env\Lib\site-packages\django\template\base.py", line 171, in render
    return self._render(context)
           ^^^^^^^^^^^^^^^^^^^^^
  File "E:\formis_app\.env\Lib\site-packages\django\template\base.py", line 163, in _render
    return self.nodelist.render(context)
           ^^^^^^^^^^^^^^^^^^^^^^^^^^^^^
  File "E:\formis_app\.env\Lib\site-packages\django\template\base.py", line 1016, in render
    return SafeString("".join([node.render_annotated(context) for node in self]))
                               ^^^^^^^^^^^^^^^^^^^^^^^^^^^^^^
  File "E:\formis_app\.env\Lib\site-packages\django\template\base.py", line 977, in render_annotated
    return self.render(context)
           ^^^^^^^^^^^^^^^^^^^^
  File "E:\formis_app\.env\Lib\site-packages\django\template\loader_tags.py", line 134, in render
    compiled_parent = self.get_parent(context)
                      ^^^^^^^^^^^^^^^^^^^^^^^^
  File "E:\formis_app\.env\Lib\site-packages\django\template\loader_tags.py", line 131, in get_parent
    return self.find_template(parent, context)
           ^^^^^^^^^^^^^^^^^^^^^^^^^^^^^^^^^^^
  File "E:\formis_app\.env\Lib\site-packages\django\template\loader_tags.py", line 109, in find_template
    template, origin = context.template.engine.find_template(
                       ^^^^^^^^^^^^^^^^^^^^^^^^^^^^^^^^^^^^^^
  File "E:\formis_app\.env\Lib\site-packages\django\template\engine.py", line 163, in find_template
    raise TemplateDoesNotExist(name, tried=tried)
django.template.exceptions.TemplateDoesNotExist: base.html

The above exception was the direct cause of the following exception:

Traceback (most recent call last):
  File "E:\formis_app\.env\Lib\site-packages\django\core\handlers\exception.py", line 55, in inner
    response = get_response(request)
               ^^^^^^^^^^^^^^^^^^^^^
  File "E:\formis_app\.env\Lib\site-packages\django\core\handlers\base.py", line 197, in _get_response
    response = wrapped_callback(request, *callback_args, **callback_kwargs)
               ^^^^^^^^^^^^^^^^^^^^^^^^^^^^^^^^^^^^^^^^^^^^^^^^^^^^^^^^^^^^
  File "E:\formis_app\.env\Lib\site-packages\django\views\generic\base.py", line 105, in view
    return self.dispatch(request, *args, **kwargs)
           ^^^^^^^^^^^^^^^^^^^^^^^^^^^^^^^^^^^^^^^
  File "E:\formis_app\.env\Lib\site-packages\django\views\generic\base.py", line 144, in dispatch
    return handler(request, *args, **kwargs)
           ^^^^^^^^^^^^^^^^^^^^^^^^^^^^^^^^^
  File "E:\formis_app\_formis\apps\enrollment\views.py", line 1009, in get
    return render(request, self.template_name, context)
           ^^^^^^^^^^^^^^^^^^^^^^^^^^^^^^^^^^^^^^^^^^^^
  File "E:\formis_app\.env\Lib\site-packages\django\shortcuts.py", line 25, in render
    content = loader.render_to_string(template_name, context, request, using=using)
              ^^^^^^^^^^^^^^^^^^^^^^^^^^^^^^^^^^^^^^^^^^^^^^^^^^^^^^^^^^^^^^^^^^^^^
  File "E:\formis_app\.env\Lib\site-packages\django\template\loader.py", line 62, in render_to_string
    return template.render(context, request)
           ^^^^^^^^^^^^^^^^^^^^^^^^^^^^^^^^^
  File "E:\formis_app\.env\Lib\site-packages\django\template\backends\django.py", line 109, in render
    reraise(exc, self.backend)
  File "E:\formis_app\.env\Lib\site-packages\django\template\backends\django.py", line 130, in reraise
    raise new from exc
django.template.exceptions.TemplateDoesNotExist: base.html
ERROR 2025-11-03 00:22:17,705 basehttp "GET /enrollment/inscription/nouvelle/EOqWmZfQcPW0a91hLrcUBWdx397ja4uJMP9SkZg3-Aw/ HTTP/1.1" 500 165024
WARNING 2025-11-03 00:22:20,704 log Not Found: /favicon.ico
WARNING 2025-11-03 00:22:20,705 basehttp "GET /favicon.ico HTTP/1.1" 404 4021
INFO 2025-11-03 00:25:49,646 basehttp "GET /enrollment/inscription/nouvelle/EOqWmZfQcPW0a91hLrcUBWdx397ja4uJMP9SkZg3-Aw/ HTTP/1.1" 200 45496
INFO 2025-11-03 00:25:50,646 basehttp "GET /static/css/dashboard/dashboard.css HTTP/1.1" 200 19647
INFO 2025-11-03 00:25:50,706 basehttp "GET /static/js/dashboard/dashboard.js HTTP/1.1" 200 22935
INFO 2025-11-03 00:25:50,777 basehttp "GET /static/js/dashboard/components.js HTTP/1.1" 200 28077
INFO 2025-11-03 00:25:50,984 basehttp "GET /media/profils/IMG_20211223_151546_741.jpg HTTP/1.1" 200 2749121
INFO 2025-11-03 00:26:06,001 basehttp "GET /enrollment/inscription/nouvelle/EOqWmZfQcPW0a91hLrcUBWdx397ja4uJMP9SkZg3-Aw/ HTTP/1.1" 200 7417
ERROR 2025-11-03 00:26:20,471 views Erreur création inscription/paiement: ERREUR:  une valeur NULL viole la contrainte NOT NULL de la colonne « apprenant_id » dans la relation « enrollment_inscription »
DETAIL:  La ligne en échec contient (2025-11-03 00:26:20.459668+00, 2025-11-03 00:26:20.459668+00, 2ffe51bc-0a36-4022-bebe-73fb03c9fd8a, INS2025UO00002, 2025-11-03, PENDING, 2025-11-03, 2026-07-31, null, 300.00, PENDING, 0.00, 300.00, null, null, 95ba4cd1-d4fa-4777-a880-0a4d22b329a1, null, null).
Traceback (most recent call last):
  File "E:\formis_app\.env\Lib\site-packages\django\db\backends\utils.py", line 105, in _execute
    return self.cursor.execute(sql, params)
           ^^^^^^^^^^^^^^^^^^^^^^^^^^^^^^^^
psycopg2.errors.NotNullViolation: ERREUR:  une valeur NULL viole la contrainte NOT NULL de la colonne « apprenant_id » dans la relation « enrollment_inscription »
DETAIL:  La ligne en échec contient (2025-11-03 00:26:20.459668+00, 2025-11-03 00:26:20.459668+00, 2ffe51bc-0a36-4022-bebe-73fb03c9fd8a, INS2025UO00002, 2025-11-03, PENDING, 2025-11-03, 2026-07-31, null, 300.00, PENDING, 0.00, 300.00, null, null, 95ba4cd1-d4fa-4777-a880-0a4d22b329a1, null, null).


The above exception was the direct cause of the following exception:

Traceback (most recent call last):
  File "E:\formis_app\_formis\apps\enrollment\views.py", line 1052, in post
    inscription = Inscription.objects.create(
                  ^^^^^^^^^^^^^^^^^^^^^^^^^^^
  File "E:\formis_app\.env\Lib\site-packages\django\db\models\manager.py", line 87, in manager_method
    return getattr(self.get_queryset(), name)(*args, **kwargs)
           ^^^^^^^^^^^^^^^^^^^^^^^^^^^^^^^^^^^^^^^^^^^^^^^^^^^
  File "E:\formis_app\.env\Lib\site-packages\django\db\models\query.py", line 663, in create
    obj.save(force_insert=True, using=self.db)
  File "E:\formis_app\_formis\apps\enrollment\models.py", line 539, in save
    super().save(*args, **kwargs)
  File "E:\formis_app\.env\Lib\site-packages\django\db\models\base.py", line 902, in save
    self.save_base(
  File "E:\formis_app\.env\Lib\site-packages\django\db\models\base.py", line 1008, in save_base
    updated = self._save_table(
              ^^^^^^^^^^^^^^^^^
  File "E:\formis_app\.env\Lib\site-packages\django\db\models\base.py", line 1169, in _save_table
    results = self._do_insert(
              ^^^^^^^^^^^^^^^^
  File "E:\formis_app\.env\Lib\site-packages\django\db\models\base.py", line 1210, in _do_insert
    return manager._insert(
           ^^^^^^^^^^^^^^^^
  File "E:\formis_app\.env\Lib\site-packages\django\db\models\manager.py", line 87, in manager_method
    return getattr(self.get_queryset(), name)(*args, **kwargs)
           ^^^^^^^^^^^^^^^^^^^^^^^^^^^^^^^^^^^^^^^^^^^^^^^^^^^
  File "E:\formis_app\.env\Lib\site-packages\django\db\models\query.py", line 1868, in _insert
    return query.get_compiler(using=using).execute_sql(returning_fields)
           ^^^^^^^^^^^^^^^^^^^^^^^^^^^^^^^^^^^^^^^^^^^^^^^^^^^^^^^^^^^^^
  File "E:\formis_app\.env\Lib\site-packages\django\db\models\sql\compiler.py", line 1882, in execute_sql
    cursor.execute(sql, params)
  File "E:\formis_app\.env\Lib\site-packages\django\db\backends\utils.py", line 122, in execute
    return super().execute(sql, params)
           ^^^^^^^^^^^^^^^^^^^^^^^^^^^^
  File "E:\formis_app\.env\Lib\site-packages\django\db\backends\utils.py", line 79, in execute
    return self._execute_with_wrappers(
           ^^^^^^^^^^^^^^^^^^^^^^^^^^^^
  File "E:\formis_app\.env\Lib\site-packages\django\db\backends\utils.py", line 92, in _execute_with_wrappers
    return executor(sql, params, many, context)
           ^^^^^^^^^^^^^^^^^^^^^^^^^^^^^^^^^^^^
  File "E:\formis_app\.env\Lib\site-packages\django\db\backends\utils.py", line 100, in _execute
    with self.db.wrap_database_errors:
  File "E:\formis_app\.env\Lib\site-packages\django\db\utils.py", line 91, in __exit__
    raise dj_exc_value.with_traceback(traceback) from exc_value
  File "E:\formis_app\.env\Lib\site-packages\django\db\backends\utils.py", line 105, in _execute
    return self.cursor.execute(sql, params)
           ^^^^^^^^^^^^^^^^^^^^^^^^^^^^^^^^
django.db.utils.IntegrityError: ERREUR:  une valeur NULL viole la contrainte NOT NULL de la colonne « apprenant_id » dans la relation « enrollment_inscription »
DETAIL:  La ligne en échec contient (2025-11-03 00:26:20.459668+00, 2025-11-03 00:26:20.459668+00, 2ffe51bc-0a36-4022-bebe-73fb03c9fd8a, INS2025UO00002, 2025-11-03, PENDING, 2025-11-03, 2026-07-31, null, 300.00, PENDING, 0.00, 300.00, null, null, 95ba4cd1-d4fa-4777-a880-0a4d22b329a1, null, null).

ERROR 2025-11-03 00:26:20,550 log Internal Server Error: /enrollment/inscription/nouvelle/EOqWmZfQcPW0a91hLrcUBWdx397ja4uJMP9SkZg3-Aw/
ERROR 2025-11-03 00:26:20,551 basehttp "POST /enrollment/inscription/nouvelle/EOqWmZfQcPW0a91hLrcUBWdx397ja4uJMP9SkZg3-Aw/ HTTP/1.1" 500 495
INFO 2025-11-03 00:45:36,570 autoreload E:\formis_app\_formis\apps\enrollment\views.py changed, reloading.
INFO 2025-11-03 00:45:44,247 autoreload Watching for file changes with StatReloader
INFO 2025-11-03 00:46:52,184 basehttp "GET /enrollment/inscription/nouvelle/EOqWmZfQcPW0a91hLrcUBWdx397ja4uJMP9SkZg3-Aw/ HTTP/1.1" 200 7417
ERROR 2025-11-03 00:46:59,521 views Erreur création inscription/paiement: ERREUR:  une valeur NULL viole la contrainte NOT NULL de la colonne « apprenant_id » dans la relation « enrollment_inscription »
DETAIL:  La ligne en échec contient (2025-11-03 00:46:59.515254+00, 2025-11-03 00:46:59.515254+00, be381dc4-ec18-42f3-8842-ee25945a6cfc, INS2025UO00002, 2025-11-03, PENDING, 2025-11-03, 2026-07-31, null, 300.00, PENDING, 0.00, 300.00, null, null, 95ba4cd1-d4fa-4777-a880-0a4d22b329a1, null, null).
Traceback (most recent call last):
  File "E:\formis_app\.env\Lib\site-packages\django\db\backends\utils.py", line 105, in _execute
    return self.cursor.execute(sql, params)
           ^^^^^^^^^^^^^^^^^^^^^^^^^^^^^^^^
psycopg2.errors.NotNullViolation: ERREUR:  une valeur NULL viole la contrainte NOT NULL de la colonne « apprenant_id » dans la relation « enrollment_inscription »
DETAIL:  La ligne en échec contient (2025-11-03 00:46:59.515254+00, 2025-11-03 00:46:59.515254+00, be381dc4-ec18-42f3-8842-ee25945a6cfc, INS2025UO00002, 2025-11-03, PENDING, 2025-11-03, 2026-07-31, null, 300.00, PENDING, 0.00, 300.00, null, null, 95ba4cd1-d4fa-4777-a880-0a4d22b329a1, null, null).


The above exception was the direct cause of the following exception:

Traceback (most recent call last):
  File "E:\formis_app\_formis\apps\enrollment\views.py", line 1035, in post
    inscription = Inscription.objects.create(
                  ^^^^^^^^^^^^^^^^^^^^^^^^^^^
  File "E:\formis_app\.env\Lib\site-packages\django\db\models\manager.py", line 87, in manager_method
    return getattr(self.get_queryset(), name)(*args, **kwargs)
           ^^^^^^^^^^^^^^^^^^^^^^^^^^^^^^^^^^^^^^^^^^^^^^^^^^^
  File "E:\formis_app\.env\Lib\site-packages\django\db\models\query.py", line 663, in create
    obj.save(force_insert=True, using=self.db)
  File "E:\formis_app\_formis\apps\enrollment\models.py", line 539, in save
    super().save(*args, **kwargs)
  File "E:\formis_app\.env\Lib\site-packages\django\db\models\base.py", line 902, in save
    self.save_base(
  File "E:\formis_app\.env\Lib\site-packages\django\db\models\base.py", line 1008, in save_base
    updated = self._save_table(
              ^^^^^^^^^^^^^^^^^
  File "E:\formis_app\.env\Lib\site-packages\django\db\models\base.py", line 1169, in _save_table
    results = self._do_insert(
              ^^^^^^^^^^^^^^^^
  File "E:\formis_app\.env\Lib\site-packages\django\db\models\base.py", line 1210, in _do_insert
    return manager._insert(
           ^^^^^^^^^^^^^^^^
  File "E:\formis_app\.env\Lib\site-packages\django\db\models\manager.py", line 87, in manager_method
    return getattr(self.get_queryset(), name)(*args, **kwargs)
           ^^^^^^^^^^^^^^^^^^^^^^^^^^^^^^^^^^^^^^^^^^^^^^^^^^^
  File "E:\formis_app\.env\Lib\site-packages\django\db\models\query.py", line 1868, in _insert
    return query.get_compiler(using=using).execute_sql(returning_fields)
           ^^^^^^^^^^^^^^^^^^^^^^^^^^^^^^^^^^^^^^^^^^^^^^^^^^^^^^^^^^^^^
  File "E:\formis_app\.env\Lib\site-packages\django\db\models\sql\compiler.py", line 1882, in execute_sql
    cursor.execute(sql, params)
  File "E:\formis_app\.env\Lib\site-packages\django\db\backends\utils.py", line 122, in execute
    return super().execute(sql, params)
           ^^^^^^^^^^^^^^^^^^^^^^^^^^^^
  File "E:\formis_app\.env\Lib\site-packages\django\db\backends\utils.py", line 79, in execute
    return self._execute_with_wrappers(
           ^^^^^^^^^^^^^^^^^^^^^^^^^^^^
  File "E:\formis_app\.env\Lib\site-packages\django\db\backends\utils.py", line 92, in _execute_with_wrappers
    return executor(sql, params, many, context)
           ^^^^^^^^^^^^^^^^^^^^^^^^^^^^^^^^^^^^
  File "E:\formis_app\.env\Lib\site-packages\django\db\backends\utils.py", line 100, in _execute
    with self.db.wrap_database_errors:
  File "E:\formis_app\.env\Lib\site-packages\django\db\utils.py", line 91, in __exit__
    raise dj_exc_value.with_traceback(traceback) from exc_value
  File "E:\formis_app\.env\Lib\site-packages\django\db\backends\utils.py", line 105, in _execute
    return self.cursor.execute(sql, params)
           ^^^^^^^^^^^^^^^^^^^^^^^^^^^^^^^^
django.db.utils.IntegrityError: ERREUR:  une valeur NULL viole la contrainte NOT NULL de la colonne « apprenant_id » dans la relation « enrollment_inscription »
DETAIL:  La ligne en échec contient (2025-11-03 00:46:59.515254+00, 2025-11-03 00:46:59.515254+00, be381dc4-ec18-42f3-8842-ee25945a6cfc, INS2025UO00002, 2025-11-03, PENDING, 2025-11-03, 2026-07-31, null, 300.00, PENDING, 0.00, 300.00, null, null, 95ba4cd1-d4fa-4777-a880-0a4d22b329a1, null, null).

ERROR 2025-11-03 00:46:59,589 log Internal Server Error: /enrollment/inscription/nouvelle/EOqWmZfQcPW0a91hLrcUBWdx397ja4uJMP9SkZg3-Aw/
ERROR 2025-11-03 00:46:59,591 basehttp "POST /enrollment/inscription/nouvelle/EOqWmZfQcPW0a91hLrcUBWdx397ja4uJMP9SkZg3-Aw/ HTTP/1.1" 500 495
WARNING 2025-11-03 00:47:15,669 log Not Found: /.well-known/appspecific/com.chrome.devtools.json
WARNING 2025-11-03 00:47:15,673 basehttp "GET /.well-known/appspecific/com.chrome.devtools.json HTTP/1.1" 404 4132
ERROR 2025-11-03 00:47:25,849 views Erreur création inscription/paiement: ERREUR:  une valeur NULL viole la contrainte NOT NULL de la colonne « apprenant_id » dans la relation « enrollment_inscription »
DETAIL:  La ligne en échec contient (2025-11-03 00:47:25.846515+00, 2025-11-03 00:47:25.846515+00, 5f033f64-557a-4e71-9704-8cc362628c48, INS2025UO00002, 2025-11-03, PENDING, 2025-11-03, 2026-07-31, null, 300.00, PENDING, 0.00, 300.00, null, null, 95ba4cd1-d4fa-4777-a880-0a4d22b329a1, null, null).
Traceback (most recent call last):
  File "E:\formis_app\.env\Lib\site-packages\django\db\backends\utils.py", line 105, in _execute
    return self.cursor.execute(sql, params)
           ^^^^^^^^^^^^^^^^^^^^^^^^^^^^^^^^
psycopg2.errors.NotNullViolation: ERREUR:  une valeur NULL viole la contrainte NOT NULL de la colonne « apprenant_id » dans la relation « enrollment_inscription »
DETAIL:  La ligne en échec contient (2025-11-03 00:47:25.846515+00, 2025-11-03 00:47:25.846515+00, 5f033f64-557a-4e71-9704-8cc362628c48, INS2025UO00002, 2025-11-03, PENDING, 2025-11-03, 2026-07-31, null, 300.00, PENDING, 0.00, 300.00, null, null, 95ba4cd1-d4fa-4777-a880-0a4d22b329a1, null, null).


The above exception was the direct cause of the following exception:

Traceback (most recent call last):
  File "E:\formis_app\_formis\apps\enrollment\views.py", line 1035, in post
    inscription = Inscription.objects.create(
                  ^^^^^^^^^^^^^^^^^^^^^^^^^^^
  File "E:\formis_app\.env\Lib\site-packages\django\db\models\manager.py", line 87, in manager_method
    return getattr(self.get_queryset(), name)(*args, **kwargs)
           ^^^^^^^^^^^^^^^^^^^^^^^^^^^^^^^^^^^^^^^^^^^^^^^^^^^
  File "E:\formis_app\.env\Lib\site-packages\django\db\models\query.py", line 663, in create
    obj.save(force_insert=True, using=self.db)
  File "E:\formis_app\_formis\apps\enrollment\models.py", line 539, in save
    super().save(*args, **kwargs)
  File "E:\formis_app\.env\Lib\site-packages\django\db\models\base.py", line 902, in save
    self.save_base(
  File "E:\formis_app\.env\Lib\site-packages\django\db\models\base.py", line 1008, in save_base
    updated = self._save_table(
              ^^^^^^^^^^^^^^^^^
  File "E:\formis_app\.env\Lib\site-packages\django\db\models\base.py", line 1169, in _save_table
    results = self._do_insert(
              ^^^^^^^^^^^^^^^^
  File "E:\formis_app\.env\Lib\site-packages\django\db\models\base.py", line 1210, in _do_insert
    return manager._insert(
           ^^^^^^^^^^^^^^^^
  File "E:\formis_app\.env\Lib\site-packages\django\db\models\manager.py", line 87, in manager_method
    return getattr(self.get_queryset(), name)(*args, **kwargs)
           ^^^^^^^^^^^^^^^^^^^^^^^^^^^^^^^^^^^^^^^^^^^^^^^^^^^
  File "E:\formis_app\.env\Lib\site-packages\django\db\models\query.py", line 1868, in _insert
    return query.get_compiler(using=using).execute_sql(returning_fields)
           ^^^^^^^^^^^^^^^^^^^^^^^^^^^^^^^^^^^^^^^^^^^^^^^^^^^^^^^^^^^^^
  File "E:\formis_app\.env\Lib\site-packages\django\db\models\sql\compiler.py", line 1882, in execute_sql
    cursor.execute(sql, params)
  File "E:\formis_app\.env\Lib\site-packages\django\db\backends\utils.py", line 122, in execute
    return super().execute(sql, params)
           ^^^^^^^^^^^^^^^^^^^^^^^^^^^^
  File "E:\formis_app\.env\Lib\site-packages\django\db\backends\utils.py", line 79, in execute
    return self._execute_with_wrappers(
           ^^^^^^^^^^^^^^^^^^^^^^^^^^^^
  File "E:\formis_app\.env\Lib\site-packages\django\db\backends\utils.py", line 92, in _execute_with_wrappers
    return executor(sql, params, many, context)
           ^^^^^^^^^^^^^^^^^^^^^^^^^^^^^^^^^^^^
  File "E:\formis_app\.env\Lib\site-packages\django\db\backends\utils.py", line 100, in _execute
    with self.db.wrap_database_errors:
  File "E:\formis_app\.env\Lib\site-packages\django\db\utils.py", line 91, in __exit__
    raise dj_exc_value.with_traceback(traceback) from exc_value
  File "E:\formis_app\.env\Lib\site-packages\django\db\backends\utils.py", line 105, in _execute
    return self.cursor.execute(sql, params)
           ^^^^^^^^^^^^^^^^^^^^^^^^^^^^^^^^
django.db.utils.IntegrityError: ERREUR:  une valeur NULL viole la contrainte NOT NULL de la colonne « apprenant_id » dans la relation « enrollment_inscription »
DETAIL:  La ligne en échec contient (2025-11-03 00:47:25.846515+00, 2025-11-03 00:47:25.846515+00, 5f033f64-557a-4e71-9704-8cc362628c48, INS2025UO00002, 2025-11-03, PENDING, 2025-11-03, 2026-07-31, null, 300.00, PENDING, 0.00, 300.00, null, null, 95ba4cd1-d4fa-4777-a880-0a4d22b329a1, null, null).

ERROR 2025-11-03 00:47:25,853 log Internal Server Error: /enrollment/inscription/nouvelle/EOqWmZfQcPW0a91hLrcUBWdx397ja4uJMP9SkZg3-Aw/
ERROR 2025-11-03 00:47:25,854 basehttp "POST /enrollment/inscription/nouvelle/EOqWmZfQcPW0a91hLrcUBWdx397ja4uJMP9SkZg3-Aw/ HTTP/1.1" 500 495
INFO 2025-11-03 00:54:24,392 basehttp "GET /accounts/login/ HTTP/1.1" 200 16444
INFO 2025-11-03 00:54:59,858 basehttp "POST /accounts/login/ HTTP/1.1" 302 0
INFO 2025-11-03 00:55:00,356 basehttp "GET /dashboard/student/ HTTP/1.1" 200 49450
INFO 2025-11-03 00:55:00,550 basehttp "GET /static/css/dashboard/student.css HTTP/1.1" 304 0
INFO 2025-11-03 00:55:08,950 basehttp "GET /dashboard/student/candidatures/ HTTP/1.1" 200 72001
INFO 2025-11-03 00:55:43,150 basehttp "GET /enrollment/inscription/nouvelle/EOqWmZfQcPW0a91hLrcUBWdx397ja4uJMP9SkZg3-Aw/ HTTP/1.1" 200 7417
WARNING 2025-11-03 00:55:44,244 log Not Found: /favicon.ico
WARNING 2025-11-03 00:55:44,266 basehttp "GET /favicon.ico HTTP/1.1" 404 4021
ERROR 2025-11-03 00:55:47,460 views Erreur création inscription/paiement: ERREUR:  une valeur NULL viole la contrainte NOT NULL de la colonne « apprenant_id » dans la relation « enrollment_inscription »
DETAIL:  La ligne en échec contient (2025-11-03 00:55:47.456601+00, 2025-11-03 00:55:47.456601+00, 57e60fa3-2efc-4e46-9f98-286443d549f5, INS2025UO00002, 2025-11-03, PENDING, 2025-11-03, 2026-07-31, null, 300.00, PENDING, 0.00, 300.00, null, null, 95ba4cd1-d4fa-4777-a880-0a4d22b329a1, null, null).
Traceback (most recent call last):
  File "E:\formis_app\.env\Lib\site-packages\django\db\backends\utils.py", line 105, in _execute
    return self.cursor.execute(sql, params)
           ^^^^^^^^^^^^^^^^^^^^^^^^^^^^^^^^
psycopg2.errors.NotNullViolation: ERREUR:  une valeur NULL viole la contrainte NOT NULL de la colonne « apprenant_id » dans la relation « enrollment_inscription »
DETAIL:  La ligne en échec contient (2025-11-03 00:55:47.456601+00, 2025-11-03 00:55:47.456601+00, 57e60fa3-2efc-4e46-9f98-286443d549f5, INS2025UO00002, 2025-11-03, PENDING, 2025-11-03, 2026-07-31, null, 300.00, PENDING, 0.00, 300.00, null, null, 95ba4cd1-d4fa-4777-a880-0a4d22b329a1, null, null).


The above exception was the direct cause of the following exception:

Traceback (most recent call last):
  File "E:\formis_app\_formis\apps\enrollment\views.py", line 1035, in post
    inscription = Inscription.objects.create(
                  ^^^^^^^^^^^^^^^^^^^^^^^^^^^
  File "E:\formis_app\.env\Lib\site-packages\django\db\models\manager.py", line 87, in manager_method
    return getattr(self.get_queryset(), name)(*args, **kwargs)
           ^^^^^^^^^^^^^^^^^^^^^^^^^^^^^^^^^^^^^^^^^^^^^^^^^^^
  File "E:\formis_app\.env\Lib\site-packages\django\db\models\query.py", line 663, in create
    obj.save(force_insert=True, using=self.db)
  File "E:\formis_app\_formis\apps\enrollment\models.py", line 539, in save
    super().save(*args, **kwargs)
  File "E:\formis_app\.env\Lib\site-packages\django\db\models\base.py", line 902, in save
    self.save_base(
  File "E:\formis_app\.env\Lib\site-packages\django\db\models\base.py", line 1008, in save_base
    updated = self._save_table(
              ^^^^^^^^^^^^^^^^^
  File "E:\formis_app\.env\Lib\site-packages\django\db\models\base.py", line 1169, in _save_table
    results = self._do_insert(
              ^^^^^^^^^^^^^^^^
  File "E:\formis_app\.env\Lib\site-packages\django\db\models\base.py", line 1210, in _do_insert
    return manager._insert(
           ^^^^^^^^^^^^^^^^
  File "E:\formis_app\.env\Lib\site-packages\django\db\models\manager.py", line 87, in manager_method
    return getattr(self.get_queryset(), name)(*args, **kwargs)
           ^^^^^^^^^^^^^^^^^^^^^^^^^^^^^^^^^^^^^^^^^^^^^^^^^^^
  File "E:\formis_app\.env\Lib\site-packages\django\db\models\query.py", line 1868, in _insert
    return query.get_compiler(using=using).execute_sql(returning_fields)
           ^^^^^^^^^^^^^^^^^^^^^^^^^^^^^^^^^^^^^^^^^^^^^^^^^^^^^^^^^^^^^
  File "E:\formis_app\.env\Lib\site-packages\django\db\models\sql\compiler.py", line 1882, in execute_sql
    cursor.execute(sql, params)
  File "E:\formis_app\.env\Lib\site-packages\django\db\backends\utils.py", line 122, in execute
    return super().execute(sql, params)
           ^^^^^^^^^^^^^^^^^^^^^^^^^^^^
  File "E:\formis_app\.env\Lib\site-packages\django\db\backends\utils.py", line 79, in execute
    return self._execute_with_wrappers(
           ^^^^^^^^^^^^^^^^^^^^^^^^^^^^
  File "E:\formis_app\.env\Lib\site-packages\django\db\backends\utils.py", line 92, in _execute_with_wrappers
    return executor(sql, params, many, context)
           ^^^^^^^^^^^^^^^^^^^^^^^^^^^^^^^^^^^^
  File "E:\formis_app\.env\Lib\site-packages\django\db\backends\utils.py", line 100, in _execute
    with self.db.wrap_database_errors:
  File "E:\formis_app\.env\Lib\site-packages\django\db\utils.py", line 91, in __exit__
    raise dj_exc_value.with_traceback(traceback) from exc_value
  File "E:\formis_app\.env\Lib\site-packages\django\db\backends\utils.py", line 105, in _execute
    return self.cursor.execute(sql, params)
           ^^^^^^^^^^^^^^^^^^^^^^^^^^^^^^^^
django.db.utils.IntegrityError: ERREUR:  une valeur NULL viole la contrainte NOT NULL de la colonne « apprenant_id » dans la relation « enrollment_inscription »
DETAIL:  La ligne en échec contient (2025-11-03 00:55:47.456601+00, 2025-11-03 00:55:47.456601+00, 57e60fa3-2efc-4e46-9f98-286443d549f5, INS2025UO00002, 2025-11-03, PENDING, 2025-11-03, 2026-07-31, null, 300.00, PENDING, 0.00, 300.00, null, null, 95ba4cd1-d4fa-4777-a880-0a4d22b329a1, null, null).

ERROR 2025-11-03 00:55:47,467 log Internal Server Error: /enrollment/inscription/nouvelle/EOqWmZfQcPW0a91hLrcUBWdx397ja4uJMP9SkZg3-Aw/
ERROR 2025-11-03 00:55:47,471 basehttp "POST /enrollment/inscription/nouvelle/EOqWmZfQcPW0a91hLrcUBWdx397ja4uJMP9SkZg3-Aw/ HTTP/1.1" 500 495
INFO 2025-11-03 01:10:36,969 autoreload E:\formis_app\_formis\apps\enrollment\views.py changed, reloading.
INFO 2025-11-03 01:10:42,280 autoreload Watching for file changes with StatReloader
INFO 2025-11-03 01:10:55,208 basehttp "GET /enrollment/inscription/nouvelle/EOqWmZfQcPW0a91hLrcUBWdx397ja4uJMP9SkZg3-Aw/ HTTP/1.1" 200 21567
INFO 2025-11-03 01:11:12,194 views Compte existe déjà pour testuser.testeur@gmail.com
ERROR 2025-11-03 01:11:12,462 log Internal Server Error: /enrollment/inscription/nouvelle/EOqWmZfQcPW0a91hLrcUBWdx397ja4uJMP9SkZg3-Aw/
ERROR 2025-11-03 01:11:12,465 basehttp "POST /enrollment/inscription/nouvelle/EOqWmZfQcPW0a91hLrcUBWdx397ja4uJMP9SkZg3-Aw/ HTTP/1.1" 500 159
INFO 2025-11-03 01:12:00,308 autoreload E:\formis_app\_formis\apps\payments\urls.py changed, reloading.
INFO 2025-11-03 01:12:01,604 autoreload Watching for file changes with StatReloader
INFO 2025-11-03 01:12:07,779 basehttp "GET /enrollment/inscription/nouvelle/EOqWmZfQcPW0a91hLrcUBWdx397ja4uJMP9SkZg3-Aw/ HTTP/1.1" 200 21567
INFO 2025-11-03 01:12:17,097 views Compte existe déjà pour testuser.testeur@gmail.com
INFO 2025-11-03 01:12:17,361 basehttp "POST /enrollment/inscription/nouvelle/EOqWmZfQcPW0a91hLrcUBWdx397ja4uJMP9SkZg3-Aw/ HTTP/1.1" 200 221
INFO 2025-11-03 01:12:18,531 views URLs de retour publiques créées pour paiement PAY20251103011217202DF0
ERROR 2025-11-03 01:12:19,821 ligdicash Response content: 
<!DOCTYPE html>
<html>
<head>

<style type=text/css>

p {    color: #0ecc8a;    
font-weight: 900;   
font-size: 100px;    
font-family: Helvetica, Arial, sans-serif;   
 }

</style>
</head>

<body>

<center><p>404<br><br></p></center>

</body>
</html>            
            
INFO 2025-11-03 01:12:19,841 basehttp "GET /payments/public/3e0c98c4-00c4-4f4f-b2d6-c4f9c13c39fd/EOqWmZfQcPW0a91hLrcUBWdx397ja4uJMP9SkZg3-Aw/ HTTP/1.1" 302 0
INFO 2025-11-03 01:12:19,973 basehttp "GET /enrollment/candidature/nouvelle/ HTTP/1.1" 200 65344
INFO 2025-11-03 01:12:20,689 basehttp "GET /establishments/api/public/annees-academiques/ HTTP/1.1" 200 188
INFO 2025-11-03 01:12:20,913 basehttp "GET /establishments/api/public/etablissements/ HTTP/1.1" 200 386
INFO 2025-11-03 01:14:39,857 basehttp "GET /enrollment/inscription/nouvelle/EOqWmZfQcPW0a91hLrcUBWdx397ja4uJMP9SkZg3-Aw/ HTTP/1.1" 302 0
INFO 2025-11-03 01:14:40,001 basehttp "GET /accounts/login/ HTTP/1.1" 302 0
INFO 2025-11-03 01:14:40,602 basehttp "GET /dashboard/department_head/ HTTP/1.1" 200 51837
INFO 2025-11-03 01:14:41,672 basehttp "GET /media/profils/IMG_20211223_151546_741.jpg HTTP/1.1" 200 2749121
INFO 2025-11-03 01:14:45,266 basehttp "GET /dashboard/department_head/paiements/ HTTP/1.1" 200 68888
INFO 2025-11-03 01:15:01,202 basehttp "GET /dashboard/department_head/inscriptions/ HTTP/1.1" 200 67217
INFO 2025-11-03 01:16:26,950 basehttp "GET /enrollment/inscription/nouvelle/EOqWmZfQcPW0a91hLrcUBWdx397ja4uJMP9SkZg3-Aw/ HTTP/1.1" 302 0
INFO 2025-11-03 01:16:27,115 basehttp "GET /accounts/login/ HTTP/1.1" 302 0
INFO 2025-11-03 01:16:27,337 basehttp "GET /dashboard/department_head/ HTTP/1.1" 200 51837
INFO 2025-11-03 01:16:27,790 basehttp "GET /media/profils/IMG_20211223_151546_741.jpg HTTP/1.1" 200 2749121
INFO 2025-11-03 01:16:42,091 basehttp "GET /enrollment/inscription/nouvelle/EOqWmZfQcPW0a91hLrcUBWdx397ja4uJMP9SkZg3-Aw/ HTTP/1.1" 302 0
INFO 2025-11-03 01:16:42,228 basehttp "GET /accounts/login/ HTTP/1.1" 302 0
INFO 2025-11-03 01:16:42,388 basehttp "GET /dashboard/department_head/ HTTP/1.1" 200 51837
INFO 2025-11-03 01:16:42,771 basehttp "GET /media/profils/IMG_20211223_151546_741.jpg HTTP/1.1" 200 2749121
INFO 2025-11-03 01:16:49,751 basehttp "GET /dashboard/department_head/paiements/ HTTP/1.1" 200 68888
INFO 2025-11-03 01:30:32,271 autoreload E:\formis_app\_formis\apps\payments\services\ligdicash.py changed, reloading.
INFO 2025-11-03 01:30:33,806 autoreload Watching for file changes with StatReloader
INFO 2025-11-03 01:31:00,276 basehttp "GET /accounts/logout/ HTTP/1.1" 302 0
INFO 2025-11-03 01:31:00,336 basehttp "GET /accounts/login/ HTTP/1.1" 200 16685
INFO 2025-11-03 01:35:41,230 basehttp "GET /dashboard/admin/candidatures/ HTTP/1.1" 200 70668
INFO 2025-11-03 01:37:03,121 basehttp "GET /dashboard/admin/users/ HTTP/1.1" 200 93598
INFO 2025-11-03 01:48:44,105 basehttp "GET /dashboard/admin/teachers/ HTTP/1.1" 200 75096
INFO 2025-11-03 01:48:46,742 basehttp "GET /dashboard/admin/students/ HTTP/1.1" 200 86402
INFO 2025-11-03 01:48:48,993 basehttp "GET /dashboard/admin/candidatures/ HTTP/1.1" 200 70668
INFO 2025-11-03 01:48:51,000 basehttp "GET /dashboard/admin/inscriptions/ HTTP/1.1" 200 69115
INFO 2025-11-03 01:48:54,911 basehttp "GET /dashboard/admin/paiements/ HTTP/1.1" 200 70588
INFO 2025-11-03 01:48:58,538 basehttp "GET /dashboard/admin/departments/ HTTP/1.1" 200 80233
INFO 2025-11-03 02:08:07,303 autoreload E:\formis_app\_formis\apps\enrollment\views.py changed, reloading.
INFO 2025-11-03 02:08:09,496 autoreload Watching for file changes with StatReloader
INFO 2025-11-03 02:09:14,138 autoreload E:\formis_app\_formis\apps\enrollment\views.py changed, reloading.
INFO 2025-11-03 02:09:17,912 autoreload Watching for file changes with StatReloader
INFO 2025-11-03 02:09:29,630 autoreload E:\formis_app\_formis\apps\enrollment\views.py changed, reloading.
INFO 2025-11-03 02:09:33,808 autoreload Watching for file changes with StatReloader
INFO 2025-11-03 02:10:38,315 autoreload E:\formis_app\_formis\apps\enrollment\views.py changed, reloading.
INFO 2025-11-03 02:10:39,560 autoreload Watching for file changes with StatReloader
INFO 2025-11-03 02:11:12,862 autoreload E:\formis_app\_formis\apps\payments\views.py changed, reloading.
INFO 2025-11-03 02:11:15,706 autoreload Watching for file changes with StatReloader
INFO 2025-11-03 02:11:27,242 autoreload E:\formis_app\_formis\apps\payments\views.py changed, reloading.
INFO 2025-11-03 02:11:29,377 autoreload Watching for file changes with StatReloader
INFO 2025-11-03 02:12:00,898 autoreload E:\formis_app\_formis\apps\payments\views.py changed, reloading.
INFO 2025-11-03 02:12:02,715 autoreload Watching for file changes with StatReloader
INFO 2025-11-03 02:12:48,190 autoreload E:\formis_app\_formis\apps\payments\views.py changed, reloading.
INFO 2025-11-03 02:12:50,673 autoreload Watching for file changes with StatReloader
INFO 2025-11-03 02:13:43,646 autoreload E:\formis_app\_formis\apps\payments\views.py changed, reloading.
INFO 2025-11-03 02:13:44,933 autoreload Watching for file changes with StatReloader
INFO 2025-11-03 02:14:34,957 basehttp "GET /enrollment/candidature/nouvelle/ HTTP/1.1" 200 65344
INFO 2025-11-03 02:14:35,335 basehttp "GET /establishments/api/public/annees-academiques/ HTTP/1.1" 200 188
INFO 2025-11-03 02:14:35,425 basehttp "GET /establishments/api/public/etablissements/ HTTP/1.1" 200 386
INFO 2025-11-03 02:14:46,101 basehttp "GET /academic/api/public/departements/66b3697d-1eeb-4fe5-8c28-91b9caf2b84f/ HTTP/1.1" 200 1712
INFO 2025-11-03 02:14:51,002 basehttp "GET /academic/api/public/filieres/075af644-72bd-4d54-b30f-e96a3b5defbe/ HTTP/1.1" 200 1086
INFO 2025-11-03 02:14:53,396 basehttp "GET /academic/api/public/niveaux/faa8d711-8867-4445-b270-e2170bfa96f7/ HTTP/1.1" 200 924
INFO 2025-11-03 02:14:53,517 basehttp "GET /enrollment/api/public/documents-requis/filiere/faa8d711-8867-4445-b270-e2170bfa96f7/ HTTP/1.1" 200 171
INFO 2025-11-03 02:15:43,556 basehttp "GET /accounts/logout/ HTTP/1.1" 302 0
INFO 2025-11-03 02:15:43,595 basehttp "GET /accounts/login/ HTTP/1.1" 200 17129
INFO 2025-11-03 02:16:03,997 basehttp "POST /accounts/login/ HTTP/1.1" 302 0
INFO 2025-11-03 02:16:04,236 basehttp "GET /dashboard/department_head/ HTTP/1.1" 200 51837
INFO 2025-11-03 02:16:05,177 basehttp "GET /media/profils/IMG_20211223_151546_741.jpg HTTP/1.1" 200 2749121
INFO 2025-11-03 02:16:28,881 views Début traitement candidature AJAX
INFO 2025-11-03 02:16:33,841 views Email de confirmation envoyé à testuser.testeur@gmail.com
INFO 2025-11-03 02:16:33,841 views Candidature créée et soumise: CAND2025 UOST0001
INFO 2025-11-03 02:16:33,849 basehttp "POST /enrollment/candidature/nouvelle/ HTTP/1.1" 200 272
INFO 2025-11-03 02:16:35,704 basehttp "GET /enrollment/candidature/success/?numero=CAND2025%20UOST0001 HTTP/1.1" 200 10748
INFO 2025-11-03 02:16:59,777 basehttp "GET /dashboard/department_head/candidatures/ HTTP/1.1" 200 93447
INFO 2025-11-03 02:17:05,690 views Examen démarré pour candidature CAND2025 UOST0001 par Frankenstein
INFO 2025-11-03 02:17:05,693 basehttp "POST /enrollment/candidature/5c30a24a-0b27-4b1b-b411-0240231ce425/start-exam/ HTTP/1.1" 200 73
INFO 2025-11-03 02:17:07,523 basehttp "GET /dashboard/department_head/candidatures/ HTTP/1.1" 200 93466
INFO 2025-11-03 02:17:21,156 managers Email de création de compte envoyé avec succès à testuser.testeur@gmail.com (Matricule: AP20250004, Rôle: APPRENANT)
INFO 2025-11-03 02:17:21,174 signals Compte existant pour testuser.testeur@gmail.com, pas de création
INFO 2025-11-03 02:17:24,854 views Compte existe déjà pour testuser.testeur@gmail.com
INFO 2025-11-03 02:17:24,858 basehttp "POST /enrollment/candidature/5c30a24a-0b27-4b1b-b411-0240231ce425/evaluer/ HTTP/1.1" 200 139
INFO 2025-11-03 02:17:27,143 basehttp "GET /dashboard/department_head/candidatures/ HTTP/1.1" 200 93142
INFO 2025-11-03 02:18:03,084 basehttp "GET /enrollment/inscription/nouvelle/aAIrRAbi1gk6LOXUuqspSDL88xZnsPnZ9f7twdRsfeY/ HTTP/1.1" 200 21567
WARNING 2025-11-03 02:18:14,723 log Not Found: /.well-known/appspecific/com.chrome.devtools.json
WARNING 2025-11-03 02:18:14,825 basehttp "GET /.well-known/appspecific/com.chrome.devtools.json HTTP/1.1" 404 4132
ERROR 2025-11-03 02:18:20,769 views [ERROR] Création inscription: ERREUR:  une valeur NULL viole la contrainte NOT NULL de la colonne « apprenant_id » dans la relation « enrollment_inscription »
DETAIL:  La ligne en échec contient (2025-11-03 02:18:20.763232+00, 2025-11-03 02:18:20.763232+00, 2a55db15-42fc-4edc-adb7-6f6871d764f9, INS2025UO00002, 2025-11-03, PENDING, 2025-11-03, 2026-07-31, null, 300.00, PENDING, 0.00, 300.00, null, null, 5c30a24a-0b27-4b1b-b411-0240231ce425, null, null).
Traceback (most recent call last):
  File "E:\formis_app\.env\Lib\site-packages\django\db\backends\utils.py", line 105, in _execute
    return self.cursor.execute(sql, params)
           ^^^^^^^^^^^^^^^^^^^^^^^^^^^^^^^^
psycopg2.errors.NotNullViolation: ERREUR:  une valeur NULL viole la contrainte NOT NULL de la colonne « apprenant_id » dans la relation « enrollment_inscription »
DETAIL:  La ligne en échec contient (2025-11-03 02:18:20.763232+00, 2025-11-03 02:18:20.763232+00, 2a55db15-42fc-4edc-adb7-6f6871d764f9, INS2025UO00002, 2025-11-03, PENDING, 2025-11-03, 2026-07-31, null, 300.00, PENDING, 0.00, 300.00, null, null, 5c30a24a-0b27-4b1b-b411-0240231ce425, null, null).


The above exception was the direct cause of the following exception:

Traceback (most recent call last):
  File "E:\formis_app\_formis\apps\enrollment\views.py", line 1056, in post
    inscription = Inscription.objects.create(
                  ^^^^^^^^^^^^^^^^^^^^^^^^^^^
  File "E:\formis_app\.env\Lib\site-packages\django\db\models\manager.py", line 87, in manager_method
    return getattr(self.get_queryset(), name)(*args, **kwargs)
           ^^^^^^^^^^^^^^^^^^^^^^^^^^^^^^^^^^^^^^^^^^^^^^^^^^^
  File "E:\formis_app\.env\Lib\site-packages\django\db\models\query.py", line 663, in create
    obj.save(force_insert=True, using=self.db)
  File "E:\formis_app\_formis\apps\enrollment\models.py", line 539, in save
    super().save(*args, **kwargs)
  File "E:\formis_app\.env\Lib\site-packages\django\db\models\base.py", line 902, in save
    self.save_base(
  File "E:\formis_app\.env\Lib\site-packages\django\db\models\base.py", line 1008, in save_base
    updated = self._save_table(
              ^^^^^^^^^^^^^^^^^
  File "E:\formis_app\.env\Lib\site-packages\django\db\models\base.py", line 1169, in _save_table
    results = self._do_insert(
              ^^^^^^^^^^^^^^^^
  File "E:\formis_app\.env\Lib\site-packages\django\db\models\base.py", line 1210, in _do_insert
    return manager._insert(
           ^^^^^^^^^^^^^^^^
  File "E:\formis_app\.env\Lib\site-packages\django\db\models\manager.py", line 87, in manager_method
    return getattr(self.get_queryset(), name)(*args, **kwargs)
           ^^^^^^^^^^^^^^^^^^^^^^^^^^^^^^^^^^^^^^^^^^^^^^^^^^^
  File "E:\formis_app\.env\Lib\site-packages\django\db\models\query.py", line 1868, in _insert
    return query.get_compiler(using=using).execute_sql(returning_fields)
           ^^^^^^^^^^^^^^^^^^^^^^^^^^^^^^^^^^^^^^^^^^^^^^^^^^^^^^^^^^^^^
  File "E:\formis_app\.env\Lib\site-packages\django\db\models\sql\compiler.py", line 1882, in execute_sql
    cursor.execute(sql, params)
  File "E:\formis_app\.env\Lib\site-packages\django\db\backends\utils.py", line 122, in execute
    return super().execute(sql, params)
           ^^^^^^^^^^^^^^^^^^^^^^^^^^^^
  File "E:\formis_app\.env\Lib\site-packages\django\db\backends\utils.py", line 79, in execute
    return self._execute_with_wrappers(
           ^^^^^^^^^^^^^^^^^^^^^^^^^^^^
  File "E:\formis_app\.env\Lib\site-packages\django\db\backends\utils.py", line 92, in _execute_with_wrappers
    return executor(sql, params, many, context)
           ^^^^^^^^^^^^^^^^^^^^^^^^^^^^^^^^^^^^
  File "E:\formis_app\.env\Lib\site-packages\django\db\backends\utils.py", line 100, in _execute
    with self.db.wrap_database_errors:
  File "E:\formis_app\.env\Lib\site-packages\django\db\utils.py", line 91, in __exit__
    raise dj_exc_value.with_traceback(traceback) from exc_value
  File "E:\formis_app\.env\Lib\site-packages\django\db\backends\utils.py", line 105, in _execute
    return self.cursor.execute(sql, params)
           ^^^^^^^^^^^^^^^^^^^^^^^^^^^^^^^^
django.db.utils.IntegrityError: ERREUR:  une valeur NULL viole la contrainte NOT NULL de la colonne « apprenant_id » dans la relation « enrollment_inscription »
DETAIL:  La ligne en échec contient (2025-11-03 02:18:20.763232+00, 2025-11-03 02:18:20.763232+00, 2a55db15-42fc-4edc-adb7-6f6871d764f9, INS2025UO00002, 2025-11-03, PENDING, 2025-11-03, 2026-07-31, null, 300.00, PENDING, 0.00, 300.00, null, null, 5c30a24a-0b27-4b1b-b411-0240231ce425, null, null).

ERROR 2025-11-03 02:18:20,855 log Internal Server Error: /enrollment/inscription/nouvelle/aAIrRAbi1gk6LOXUuqspSDL88xZnsPnZ9f7twdRsfeY/
ERROR 2025-11-03 02:18:20,856 basehttp "POST /enrollment/inscription/nouvelle/aAIrRAbi1gk6LOXUuqspSDL88xZnsPnZ9f7twdRsfeY/ HTTP/1.1" 500 495
ERROR 2025-11-03 12:40:42,976 views [ERROR] Création inscription: ERREUR:  une valeur NULL viole la contrainte NOT NULL de la colonne « apprenant_id » dans la relation « enrollment_inscription »
DETAIL:  La ligne en échec contient (2025-11-03 12:40:42.966725+00, 2025-11-03 12:40:42.966725+00, 902d5708-fa62-40bd-a356-0be9adb5c6d0, INS2025UO00002, 2025-11-03, PENDING, 2025-11-03, 2026-07-31, null, 300.00, PENDING, 0.00, 300.00, null, null, 5c30a24a-0b27-4b1b-b411-0240231ce425, null, null).
Traceback (most recent call last):
  File "E:\formis_app\.env\Lib\site-packages\django\db\backends\utils.py", line 105, in _execute
    return self.cursor.execute(sql, params)
           ^^^^^^^^^^^^^^^^^^^^^^^^^^^^^^^^
psycopg2.errors.NotNullViolation: ERREUR:  une valeur NULL viole la contrainte NOT NULL de la colonne « apprenant_id » dans la relation « enrollment_inscription »
DETAIL:  La ligne en échec contient (2025-11-03 12:40:42.966725+00, 2025-11-03 12:40:42.966725+00, 902d5708-fa62-40bd-a356-0be9adb5c6d0, INS2025UO00002, 2025-11-03, PENDING, 2025-11-03, 2026-07-31, null, 300.00, PENDING, 0.00, 300.00, null, null, 5c30a24a-0b27-4b1b-b411-0240231ce425, null, null).


The above exception was the direct cause of the following exception:

Traceback (most recent call last):
  File "E:\formis_app\_formis\apps\enrollment\views.py", line 1056, in post
    inscription = Inscription.objects.create(
                  ^^^^^^^^^^^^^^^^^^^^^^^^^^^
  File "E:\formis_app\.env\Lib\site-packages\django\db\models\manager.py", line 87, in manager_method
    return getattr(self.get_queryset(), name)(*args, **kwargs)
           ^^^^^^^^^^^^^^^^^^^^^^^^^^^^^^^^^^^^^^^^^^^^^^^^^^^
  File "E:\formis_app\.env\Lib\site-packages\django\db\models\query.py", line 663, in create
    obj.save(force_insert=True, using=self.db)
  File "E:\formis_app\_formis\apps\enrollment\models.py", line 539, in save
    super().save(*args, **kwargs)
  File "E:\formis_app\.env\Lib\site-packages\django\db\models\base.py", line 902, in save
    self.save_base(
  File "E:\formis_app\.env\Lib\site-packages\django\db\models\base.py", line 1008, in save_base
    updated = self._save_table(
              ^^^^^^^^^^^^^^^^^
  File "E:\formis_app\.env\Lib\site-packages\django\db\models\base.py", line 1169, in _save_table
    results = self._do_insert(
              ^^^^^^^^^^^^^^^^
  File "E:\formis_app\.env\Lib\site-packages\django\db\models\base.py", line 1210, in _do_insert
    return manager._insert(
           ^^^^^^^^^^^^^^^^
  File "E:\formis_app\.env\Lib\site-packages\django\db\models\manager.py", line 87, in manager_method
    return getattr(self.get_queryset(), name)(*args, **kwargs)
           ^^^^^^^^^^^^^^^^^^^^^^^^^^^^^^^^^^^^^^^^^^^^^^^^^^^
  File "E:\formis_app\.env\Lib\site-packages\django\db\models\query.py", line 1868, in _insert
    return query.get_compiler(using=using).execute_sql(returning_fields)
           ^^^^^^^^^^^^^^^^^^^^^^^^^^^^^^^^^^^^^^^^^^^^^^^^^^^^^^^^^^^^^
  File "E:\formis_app\.env\Lib\site-packages\django\db\models\sql\compiler.py", line 1882, in execute_sql
    cursor.execute(sql, params)
  File "E:\formis_app\.env\Lib\site-packages\django\db\backends\utils.py", line 122, in execute
    return super().execute(sql, params)
           ^^^^^^^^^^^^^^^^^^^^^^^^^^^^
  File "E:\formis_app\.env\Lib\site-packages\django\db\backends\utils.py", line 79, in execute
    return self._execute_with_wrappers(
           ^^^^^^^^^^^^^^^^^^^^^^^^^^^^
  File "E:\formis_app\.env\Lib\site-packages\django\db\backends\utils.py", line 92, in _execute_with_wrappers
    return executor(sql, params, many, context)
           ^^^^^^^^^^^^^^^^^^^^^^^^^^^^^^^^^^^^
  File "E:\formis_app\.env\Lib\site-packages\django\db\backends\utils.py", line 100, in _execute
    with self.db.wrap_database_errors:
  File "E:\formis_app\.env\Lib\site-packages\django\db\utils.py", line 91, in __exit__
    raise dj_exc_value.with_traceback(traceback) from exc_value
  File "E:\formis_app\.env\Lib\site-packages\django\db\backends\utils.py", line 105, in _execute
    return self.cursor.execute(sql, params)
           ^^^^^^^^^^^^^^^^^^^^^^^^^^^^^^^^
django.db.utils.IntegrityError: ERREUR:  une valeur NULL viole la contrainte NOT NULL de la colonne « apprenant_id » dans la relation « enrollment_inscription »
DETAIL:  La ligne en échec contient (2025-11-03 12:40:42.966725+00, 2025-11-03 12:40:42.966725+00, 902d5708-fa62-40bd-a356-0be9adb5c6d0, INS2025UO00002, 2025-11-03, PENDING, 2025-11-03, 2026-07-31, null, 300.00, PENDING, 0.00, 300.00, null, null, 5c30a24a-0b27-4b1b-b411-0240231ce425, null, null).

ERROR 2025-11-03 12:40:42,991 log Internal Server Error: /enrollment/inscription/nouvelle/aAIrRAbi1gk6LOXUuqspSDL88xZnsPnZ9f7twdRsfeY/
ERROR 2025-11-03 12:40:42,994 basehttp "POST /enrollment/inscription/nouvelle/aAIrRAbi1gk6LOXUuqspSDL88xZnsPnZ9f7twdRsfeY/ HTTP/1.1" 500 495
INFO 2025-11-03 19:50:25,430 autoreload E:\formis_app\_formis\apps\enrollment\models.py changed, reloading.
INFO 2025-11-03 19:50:40,885 autoreload Watching for file changes with StatReloader
INFO 2025-11-03 19:52:21,716 autoreload E:\formis_app\_formis\apps\enrollment\models.py changed, reloading.
INFO 2025-11-03 19:52:25,403 autoreload Watching for file changes with StatReloader
INFO 2025-11-03 19:53:11,156 views [OK] Inscription créée (sans apprenant): INS2025UO00002
INFO 2025-11-03 19:53:11,196 views [OK] Paiement créé: bb14f1b8-cb10-4486-85f4-f15affaef665 - Montant: 100.00
INFO 2025-11-03 19:53:11,330 basehttp "POST /enrollment/inscription/nouvelle/aAIrRAbi1gk6LOXUuqspSDL88xZnsPnZ9f7twdRsfeY/ HTTP/1.1" 200 181
INFO 2025-11-03 19:53:12,535 views URLs de retour publiques créées pour paiement PAY20251103195311B93209
INFO 2025-11-03 19:53:12,536 ligdicash [API] Creation paiement LigdiCash: bb14f1b8-cb10-4486-85f4-f15affaef665 - 100.00 XOF
INFO 2025-11-03 19:53:13,813 ligdicash [API] Status Code: 200
ERROR 2025-11-03 19:53:13,813 ligdicash [ERROR] URL de paiement manquante
ERROR 2025-11-03 19:53:13,813 ligdicash Response data: {'response_code': '01', 'token': '', 'response_text': 'Echec (Code08)', 'description': 'Empty command actions', 'custom_data': [], 'wiki': 'https://client.ligdicash.com/wiki/createInvoice'}
INFO 2025-11-03 19:53:13,830 basehttp "GET /payments/public/bb14f1b8-cb10-4486-85f4-f15affaef665/aAIrRAbi1gk6LOXUuqspSDL88xZnsPnZ9f7twdRsfeY/ HTTP/1.1" 302 0
INFO 2025-11-03 19:53:13,924 basehttp "GET /enrollment/candidature/nouvelle/ HTTP/1.1" 200 65344
WARNING 2025-11-03 19:53:14,221 log Not Found: /.well-known/appspecific/com.chrome.devtools.json
WARNING 2025-11-03 19:53:14,226 basehttp "GET /.well-known/appspecific/com.chrome.devtools.json HTTP/1.1" 404 4132
INFO 2025-11-03 19:53:14,581 basehttp "GET /establishments/api/public/etablissements/ HTTP/1.1" 200 386
INFO 2025-11-03 19:53:14,614 basehttp "GET /establishments/api/public/annees-academiques/ HTTP/1.1" 200 188
INFO 2025-11-03 19:54:26,659 basehttp "GET /dashboard/admin/users/ HTTP/1.1" 200 97890
INFO 2025-11-03 19:54:30,440 basehttp "GET /dashboard/admin/department_heads/ HTTP/1.1" 200 57902
INFO 2025-11-03 19:54:32,996 basehttp "GET /dashboard/admin/teachers/ HTTP/1.1" 200 75096
INFO 2025-11-03 19:57:53,813 basehttp "GET /dashboard/department_head/students/ HTTP/1.1" 200 68680
INFO 2025-11-03 19:57:55,460 basehttp "GET /media/profils/IMG_20211223_151546_741.jpg HTTP/1.1" 200 2749121
INFO 2025-11-03 19:57:58,426 basehttp "GET /dashboard/department_head/candidatures/ HTTP/1.1" 200 83846
INFO 2025-11-03 19:58:00,938 basehttp "GET /dashboard/department_head/inscriptions/ HTTP/1.1" 200 62891
INFO 2025-11-03 19:58:05,929 basehttp "GET /dashboard/department_head/paiements/ HTTP/1.1" 200 65053
INFO 2025-11-03 19:58:13,553 basehttp "GET /dashboard/department_head/niveaux/ HTTP/1.1" 200 87083
INFO 2025-11-03 19:58:16,184 basehttp "GET /dashboard/department_head/filieres/ HTTP/1.1" 200 70756
INFO 2025-11-03 19:58:19,324 basehttp "GET /dashboard/department_head/ HTTP/1.1" 200 51837
INFO 2025-11-03 19:59:42,333 autoreload E:\formis_app\_formis\apps\payments\services\ligdicash.py changed, reloading.
INFO 2025-11-03 19:59:44,287 autoreload Watching for file changes with StatReloader
INFO 2025-11-03 19:59:55,445 autoreload E:\formis_app\_formis\apps\payments\services\ligdicash.py changed, reloading.
INFO 2025-11-03 19:59:57,593 autoreload Watching for file changes with StatReloader
INFO 2025-11-03 20:00:08,548 autoreload E:\formis_app\_formis\apps\payments\services\ligdicash.py changed, reloading.
INFO 2025-11-03 20:00:11,197 autoreload Watching for file changes with StatReloader
INFO 2025-11-03 20:01:14,460 basehttp "GET /academic/api/public/departements/66b3697d-1eeb-4fe5-8c28-91b9caf2b84f/ HTTP/1.1" 200 1712
INFO 2025-11-03 20:01:22,709 basehttp "GET /academic/api/public/filieres/075af644-72bd-4d54-b30f-e96a3b5defbe/ HTTP/1.1" 200 1086
INFO 2025-11-03 20:01:30,064 basehttp "GET /academic/api/public/niveaux/faa8d711-8867-4445-b270-e2170bfa96f7/ HTTP/1.1" 200 924
INFO 2025-11-03 20:01:30,262 basehttp "GET /enrollment/api/public/documents-requis/filiere/faa8d711-8867-4445-b270-e2170bfa96f7/ HTTP/1.1" 200 171
INFO 2025-11-03 20:02:00,750 basehttp "GET / HTTP/1.1" 200 16444
INFO 2025-11-03 20:02:03,294 basehttp "GET /enrollment/candidature/nouvelle/ HTTP/1.1" 200 65344
INFO 2025-11-03 20:02:03,865 basehttp "GET /establishments/api/public/etablissements/ HTTP/1.1" 200 386
INFO 2025-11-03 20:02:03,874 basehttp "GET /establishments/api/public/annees-academiques/ HTTP/1.1" 200 188
INFO 2025-11-03 20:02:06,091 basehttp "GET /academic/api/public/departements/66b3697d-1eeb-4fe5-8c28-91b9caf2b84f/ HTTP/1.1" 200 1712
INFO 2025-11-03 20:02:10,712 basehttp "GET /academic/api/public/filieres/075af644-72bd-4d54-b30f-e96a3b5defbe/ HTTP/1.1" 200 1086
INFO 2025-11-03 20:02:13,372 basehttp "GET /academic/api/public/niveaux/faa8d711-8867-4445-b270-e2170bfa96f7/ HTTP/1.1" 200 924
INFO 2025-11-03 20:02:13,562 basehttp "GET /enrollment/api/public/documents-requis/filiere/faa8d711-8867-4445-b270-e2170bfa96f7/ HTTP/1.1" 200 171
WARNING 2025-11-03 20:02:33,807 log Not Found: /.well-known/appspecific/com.chrome.devtools.json
WARNING 2025-11-03 20:02:33,883 basehttp "GET /.well-known/appspecific/com.chrome.devtools.json HTTP/1.1" 404 4132
INFO 2025-11-03 20:02:58,878 views Début traitement candidature AJAX
INFO 2025-11-03 20:03:03,235 views Email de confirmation envoyé à testuser.testeur@gmail.com
INFO 2025-11-03 20:03:03,236 views Candidature créée et soumise: CAND2025 UOST0001
INFO 2025-11-03 20:03:03,242 basehttp "POST /enrollment/candidature/nouvelle/ HTTP/1.1" 200 272
INFO 2025-11-03 20:03:05,083 basehttp "GET /enrollment/candidature/success/?numero=CAND2025%20UOST0001 HTTP/1.1" 200 10748
WARNING 2025-11-03 20:03:05,244 log Not Found: /.well-known/appspecific/com.chrome.devtools.json
WARNING 2025-11-03 20:03:05,278 basehttp "GET /.well-known/appspecific/com.chrome.devtools.json HTTP/1.1" 404 4132
INFO 2025-11-03 20:03:46,813 basehttp "GET /dashboard/department_head/candidatures/ HTTP/1.1" 200 93447
INFO 2025-11-03 20:03:51,545 views Examen démarré pour candidature CAND2025 UOST0001 par Frankenstein
INFO 2025-11-03 20:03:51,550 basehttp "POST /enrollment/candidature/9f1140b8-667f-4e1f-ab79-4a3c41aae7e4/start-exam/ HTTP/1.1" 200 73
INFO 2025-11-03 20:03:53,293 basehttp "GET /dashboard/department_head/candidatures/ HTTP/1.1" 200 93466
INFO 2025-11-03 20:04:07,795 managers Email de création de compte envoyé avec succès à testuser.testeur@gmail.com (Matricule: AP20250004, Rôle: APPRENANT)
INFO 2025-11-03 20:04:07,823 signals Compte existant pour testuser.testeur@gmail.com, pas de création
INFO 2025-11-03 20:04:10,780 views Compte existe déjà pour testuser.testeur@gmail.com
INFO 2025-11-03 20:04:10,796 basehttp "POST /enrollment/candidature/9f1140b8-667f-4e1f-ab79-4a3c41aae7e4/evaluer/ HTTP/1.1" 200 139
INFO 2025-11-03 20:04:11,857 basehttp "GET /dashboard/department_head/candidatures/ HTTP/1.1" 200 93142
INFO 2025-11-03 20:04:59,092 basehttp "GET /enrollment/inscription/nouvelle/BoTDyylsP03W1wjCOLKOA7-nrbnNoAV-zyHsrH9zRvg/ HTTP/1.1" 200 21567
INFO 2025-11-03 20:05:19,425 basehttp "GET /enrollment/inscription/nouvelle/BoTDyylsP03W1wjCOLKOA7-nrbnNoAV-zyHsrH9zRvg/ HTTP/1.1" 200 21567
WARNING 2025-11-03 20:05:30,058 log Not Found: /.well-known/appspecific/com.chrome.devtools.json
WARNING 2025-11-03 20:05:30,066 basehttp "GET /.well-known/appspecific/com.chrome.devtools.json HTTP/1.1" 404 4132
INFO 2025-11-03 20:05:49,776 views [OK] Inscription créée (sans apprenant): INS2025UO00002
INFO 2025-11-03 20:05:49,790 views [OK] Paiement créé: be7a3f30-81fe-4387-a715-6554e02ad458 - Montant: 100.00
INFO 2025-11-03 20:05:49,800 basehttp "POST /enrollment/inscription/nouvelle/BoTDyylsP03W1wjCOLKOA7-nrbnNoAV-zyHsrH9zRvg/ HTTP/1.1" 200 181
INFO 2025-11-03 20:05:50,963 views URLs de retour publiques créées pour paiement PAY202511032005490C63D6
INFO 2025-11-03 20:05:50,964 ligdicash [API] Creation paiement LigdiCash: be7a3f30-81fe-4387-a715-6554e02ad458 - 100.00 XOF
INFO 2025-11-03 20:05:52,875 ligdicash [API] Status Code: 200
ERROR 2025-11-03 20:05:52,875 ligdicash [ERROR] LigdiCash: 01 - Erreur dans la requete
ERROR 2025-11-03 20:05:52,876 ligdicash Response: {
  "response_code": "01",
  "token": "",
  "response_text": "Echec (Code08)",
  "description": "Empty command actions",
  "custom_data": [],
  "wiki": "https://client.ligdicash.com/wiki/createInvoice"
}
INFO 2025-11-03 20:05:52,892 basehttp "GET /payments/public/be7a3f30-81fe-4387-a715-6554e02ad458/BoTDyylsP03W1wjCOLKOA7-nrbnNoAV-zyHsrH9zRvg/ HTTP/1.1" 302 0
INFO 2025-11-03 20:05:52,923 basehttp "GET /enrollment/candidature/nouvelle/ HTTP/1.1" 200 65344
WARNING 2025-11-03 20:05:53,063 log Not Found: /.well-known/appspecific/com.chrome.devtools.json
WARNING 2025-11-03 20:05:53,075 basehttp "GET /.well-known/appspecific/com.chrome.devtools.json HTTP/1.1" 404 4132
INFO 2025-11-03 20:05:53,647 basehttp "GET /establishments/api/public/annees-academiques/ HTTP/1.1" 200 188
INFO 2025-11-03 20:05:53,680 basehttp "GET /establishments/api/public/etablissements/ HTTP/1.1" 200 386
INFO 2025-11-03 21:28:07,755 basehttp "GET /dashboard/department_head/teachers/ HTTP/1.1" 200 61667
INFO 2025-11-03 21:28:11,664 basehttp "GET /dashboard/department_head/ HTTP/1.1" 200 51837
INFO 2025-11-03 22:07:55,625 autoreload Watching for file changes with StatReloader
INFO 2025-11-03 22:10:53,922 basehttp "GET /dashboard/admin/teachers/ HTTP/1.1" 200 75096
INFO 2025-11-03 22:10:55,138 basehttp "GET /static/css/dashboard/dashboard.css HTTP/1.1" 200 19647
INFO 2025-11-03 22:10:55,259 basehttp "GET /static/js/dashboard/dashboard.js HTTP/1.1" 200 22935
INFO 2025-11-03 22:10:55,556 basehttp "GET /media/profils/IMG-20220507-WA0015.jpg HTTP/1.1" 200 25481
INFO 2025-11-03 22:10:55,650 basehttp "GET /static/js/dashboard/components.js HTTP/1.1" 200 28077
INFO 2025-11-03 22:10:55,741 basehttp "GET /media/profils/IMG-20220507-WA0018.jpg HTTP/1.1" 200 35474
WARNING 2025-11-03 22:11:41,546 log Not Found: /favicon.ico
WARNING 2025-11-03 22:11:41,547 basehttp "GET /favicon.ico HTTP/1.1" 404 4021
INFO 2025-11-03 22:14:04,009 basehttp "GET /dashboard/department_head/ HTTP/1.1" 200 51837
INFO 2025-11-03 22:14:04,549 basehttp "GET /static/css/dashboard/dashboard.css HTTP/1.1" 200 19647
INFO 2025-11-03 22:14:05,252 basehttp "GET /static/js/dashboard/dashboard.js HTTP/1.1" 200 22935
INFO 2025-11-03 22:14:05,704 basehttp "GET /static/js/dashboard/components.js HTTP/1.1" 200 28077
INFO 2025-11-03 22:14:06,260 basehttp "GET /media/profils/IMG_20211223_151546_741.jpg HTTP/1.1" 200 2749121
WARNING 2025-11-03 22:14:09,475 log Not Found: /favicon.ico
WARNING 2025-11-03 22:14:09,495 basehttp "GET /favicon.ico HTTP/1.1" 404 4021
INFO 2025-11-03 23:58:24,259 autoreload E:\formis_app\_formis\apps\payments\services\ligdicash.py changed, reloading.
INFO 2025-11-03 23:58:34,908 autoreload Watching for file changes with StatReloader
INFO 2025-11-03 23:58:55,915 autoreload E:\formis_app\_formis\apps\payments\services\ligdicash.py changed, reloading.
INFO 2025-11-03 23:58:57,800 autoreload Watching for file changes with StatReloader
INFO 2025-11-04 00:18:38,857 autoreload E:\formis_app\_formis\apps\payments\views.py changed, reloading.
INFO 2025-11-04 00:18:41,568 autoreload Watching for file changes with StatReloader
INFO 2025-11-04 00:19:09,715 autoreload E:\formis_app\_formis\apps\payments\views.py changed, reloading.
INFO 2025-11-04 00:19:12,290 autoreload Watching for file changes with StatReloader
INFO 2025-11-04 00:19:40,178 autoreload E:\formis_app\_formis\apps\payments\views.py changed, reloading.
INFO 2025-11-04 00:19:44,119 autoreload Watching for file changes with StatReloader
INFO 2025-11-04 00:19:51,263 autoreload E:\formis_app\_formis\apps\payments\views.py changed, reloading.
INFO 2025-11-04 00:19:52,810 autoreload Watching for file changes with StatReloader
INFO 2025-11-04 00:20:02,262 autoreload E:\formis_app\_formis\apps\payments\views.py changed, reloading.
INFO 2025-11-04 00:20:05,668 autoreload Watching for file changes with StatReloader
INFO 2025-11-04 00:20:49,176 autoreload E:\formis_app\_formis\apps\payments\views.py changed, reloading.
INFO 2025-11-04 00:20:51,851 autoreload Watching for file changes with StatReloader
INFO 2025-11-04 00:21:55,195 autoreload E:\formis_app\_formis\apps\payments\urls.py changed, reloading.
INFO 2025-11-04 00:21:57,121 autoreload Watching for file changes with StatReloader
INFO 2025-11-04 00:22:21,411 autoreload E:\formis_app\_formis\apps\payments\urls.py changed, reloading.
INFO 2025-11-04 00:22:22,792 autoreload Watching for file changes with StatReloader
INFO 2025-11-04 00:22:32,756 autoreload E:\formis_app\_formis\apps\payments\urls.py changed, reloading.
INFO 2025-11-04 00:22:34,015 autoreload Watching for file changes with StatReloader
INFO 2025-11-04 00:22:54,581 autoreload E:\formis_app\_formis\apps\payments\urls.py changed, reloading.
INFO 2025-11-04 00:22:55,558 autoreload Watching for file changes with StatReloader
INFO 2025-11-04 00:23:09,320 autoreload E:\formis_app\_formis\apps\payments\urls.py changed, reloading.
INFO 2025-11-04 00:23:10,339 autoreload Watching for file changes with StatReloader
INFO 2025-11-04 00:24:02,357 autoreload E:\formis_app\_formis\_formis\settings.py changed, reloading.
INFO 2025-11-04 00:24:03,691 autoreload Watching for file changes with StatReloader
INFO 2025-11-04 00:24:23,792 autoreload E:\formis_app\_formis\_formis\settings.py changed, reloading.
INFO 2025-11-04 00:24:25,195 autoreload Watching for file changes with StatReloader
INFO 2025-11-04 00:24:36,002 autoreload E:\formis_app\_formis\_formis\settings.py changed, reloading.
INFO 2025-11-04 00:24:37,323 autoreload Watching for file changes with StatReloader
INFO 2025-11-04 00:25:32,498 basehttp "GET /enrollment/candidature/success/?numero=CAND2025%20UOST0001 HTTP/1.1" 200 10748
INFO 2025-11-04 00:25:34,039 basehttp "GET /enrollment/candidature/nouvelle/ HTTP/1.1" 200 65344
INFO 2025-11-04 00:25:34,871 basehttp "GET /establishments/api/public/etablissements/ HTTP/1.1" 200 386
INFO 2025-11-04 00:25:34,878 basehttp "GET /establishments/api/public/annees-academiques/ HTTP/1.1" 200 188
WARNING 2025-11-04 00:25:35,111 log Not Found: /favicon.ico
WARNING 2025-11-04 00:25:35,111 log Not Found: /favicon.ico
WARNING 2025-11-04 00:25:35,115 basehttp "GET /favicon.ico HTTP/1.1" 404 4021
WARNING 2025-11-04 00:25:35,116 basehttp "GET /favicon.ico HTTP/1.1" 404 4021
INFO 2025-11-04 00:25:42,308 basehttp "GET /enrollment/inscription/nouvelle/BoTDyylsP03W1wjCOLKOA7-nrbnNoAV-zyHsrH9zRvg/ HTTP/1.1" 302 0
INFO 2025-11-04 00:25:42,360 basehttp "GET /accounts/login/ HTTP/1.1" 200 16837
WARNING 2025-11-04 00:25:57,320 log Not Found: /.well-known/appspecific/com.chrome.devtools.json
WARNING 2025-11-04 00:25:57,421 basehttp "GET /.well-known/appspecific/com.chrome.devtools.json HTTP/1.1" 404 4132
INFO 2025-11-04 00:26:18,451 basehttp "GET /dashboard/department_head/students/ HTTP/1.1" 200 74063
INFO 2025-11-04 00:26:23,888 basehttp "GET /dashboard/department_head/inscriptions/ HTTP/1.1" 200 67185
INFO 2025-11-04 00:26:32,868 basehttp "GET /dashboard/department_head/paiements/ HTTP/1.1" 200 68871
INFO 2025-11-04 00:31:24,826 basehttp "GET / HTTP/1.1" 200 16444
INFO 2025-11-04 00:31:34,708 basehttp "GET /enrollment/candidature/nouvelle/ HTTP/1.1" 200 65344
INFO 2025-11-04 00:31:35,195 basehttp "GET /establishments/api/public/etablissements/ HTTP/1.1" 200 386
INFO 2025-11-04 00:31:35,252 basehttp "GET /establishments/api/public/annees-academiques/ HTTP/1.1" 200 188
INFO 2025-11-04 00:31:46,753 basehttp "GET /dashboard/department_head/paiements/ HTTP/1.1" 200 65053
INFO 2025-11-04 00:31:49,343 basehttp "GET /dashboard/department_head/inscriptions/ HTTP/1.1" 200 62891
INFO 2025-11-04 00:31:51,522 basehttp "GET /dashboard/department_head/candidatures/ HTTP/1.1" 200 83846
INFO 2025-11-04 00:31:53,540 basehttp "GET /dashboard/department_head/students/ HTTP/1.1" 200 68248
INFO 2025-11-04 00:31:55,837 basehttp "GET /dashboard/department_head/teachers/ HTTP/1.1" 200 61667
INFO 2025-11-04 00:31:57,582 basehttp "GET /dashboard/department_head/ HTTP/1.1" 200 51837
INFO 2025-11-04 00:32:15,797 basehttp "GET /academic/api/public/departements/66b3697d-1eeb-4fe5-8c28-91b9caf2b84f/ HTTP/1.1" 200 1712
INFO 2025-11-04 00:32:20,299 basehttp "GET /academic/api/public/filieres/075af644-72bd-4d54-b30f-e96a3b5defbe/ HTTP/1.1" 200 1086
INFO 2025-11-04 00:32:22,962 basehttp "GET /academic/api/public/niveaux/faa8d711-8867-4445-b270-e2170bfa96f7/ HTTP/1.1" 200 924
INFO 2025-11-04 00:32:23,159 basehttp "GET /enrollment/api/public/documents-requis/filiere/faa8d711-8867-4445-b270-e2170bfa96f7/ HTTP/1.1" 200 171
INFO 2025-11-04 00:32:52,148 views Début traitement candidature AJAX
INFO 2025-11-04 00:32:58,307 views Email de confirmation envoyé à testuser.testeur@gmail.com
INFO 2025-11-04 00:32:58,318 views Candidature créée et soumise: CAND2025 UOST0001
INFO 2025-11-04 00:32:58,328 basehttp "POST /enrollment/candidature/nouvelle/ HTTP/1.1" 200 272
INFO 2025-11-04 00:33:00,375 basehttp "GET /enrollment/candidature/success/?numero=CAND2025%20UOST0001 HTTP/1.1" 200 10748
INFO 2025-11-04 00:33:18,257 basehttp "GET /dashboard/department_head/candidatures/ HTTP/1.1" 200 93447
INFO 2025-11-04 00:33:21,888 views Examen démarré pour candidature CAND2025 UOST0001 par Frankenstein
INFO 2025-11-04 00:33:21,893 basehttp "POST /enrollment/candidature/33cc8dd6-e0c7-4fed-8945-586b1c188d49/start-exam/ HTTP/1.1" 200 73
INFO 2025-11-04 00:33:23,718 basehttp "GET /dashboard/department_head/candidatures/ HTTP/1.1" 200 93466
INFO 2025-11-04 00:33:34,833 managers Email de création de compte envoyé avec succès à testuser.testeur@gmail.com (Matricule: AP20250004, Rôle: APPRENANT)
INFO 2025-11-04 00:33:34,873 signals Compte existant pour testuser.testeur@gmail.com, pas de création
INFO 2025-11-04 00:33:37,420 views Compte existe déjà pour testuser.testeur@gmail.com
INFO 2025-11-04 00:33:37,429 basehttp "POST /enrollment/candidature/33cc8dd6-e0c7-4fed-8945-586b1c188d49/evaluer/ HTTP/1.1" 200 139
INFO 2025-11-04 00:33:39,711 basehttp "GET /dashboard/department_head/candidatures/ HTTP/1.1" 200 93142
INFO 2025-11-04 00:34:21,204 basehttp "GET /enrollment/inscription/nouvelle/9DFlPqCsf_EeJfC2fYf9aEgordilUKknbwPjv-ABloY/ HTTP/1.1" 200 21567
WARNING 2025-11-04 00:34:21,363 log Not Found: /.well-known/appspecific/com.chrome.devtools.json
WARNING 2025-11-04 00:34:21,368 basehttp "GET /.well-known/appspecific/com.chrome.devtools.json HTTP/1.1" 404 4132
INFO 2025-11-04 00:34:31,532 views [OK] Inscription créée (sans apprenant): INS2025UO00002
INFO 2025-11-04 00:34:31,551 views [OK] Paiement créé: b4d8eb4c-214e-432e-aab2-27748c97a62b - Montant: 240.0000
INFO 2025-11-04 00:34:31,580 basehttp "POST /enrollment/inscription/nouvelle/9DFlPqCsf_EeJfC2fYf9aEgordilUKknbwPjv-ABloY/ HTTP/1.1" 200 181
INFO 2025-11-04 00:34:32,740 views URLs de retour publiques créées pour paiement PAY202511040034313CCCAF
INFO 2025-11-04 00:34:32,741 ligdicash [API] Creation paiement LigdiCash: b4d8eb4c-214e-432e-aab2-27748c97a62b - 240.00 XOF
INFO 2025-11-04 00:34:34,149 ligdicash [API] Status Code: 200
ERROR 2025-11-04 00:34:34,150 ligdicash [ERROR] LigdiCash: 01 - Erreur dans la requete
ERROR 2025-11-04 00:34:34,150 ligdicash Response: {
  "response_code": "01",
  "token": "",
  "response_text": "Echec (Code08)",
  "description": "Empty command actions",
  "custom_data": [],
  "wiki": "https://client.ligdicash.com/wiki/createInvoice"
}
ERROR 2025-11-04 00:34:34,153 views [ERROR] Création paiement LigdiCash: Erreur dans la requete
ERROR 2025-11-04 00:34:34,162 views [ERROR] payer_ligdicash_public: Reverse for 'inscription_nouvelle' not found. 'inscription_nouvelle' is not a valid view function or pattern name.
Traceback (most recent call last):
  File "E:\formis_app\_formis\apps\payments\views.py", line 1002, in payer_ligdicash_public
    return redirect('enrollment:inscription_nouvelle', token=token)
           ^^^^^^^^^^^^^^^^^^^^^^^^^^^^^^^^^^^^^^^^^^^^^^^^^^^^^^^^
  File "E:\formis_app\.env\Lib\site-packages\django\shortcuts.py", line 51, in redirect
    resolve_url(to, *args, **kwargs),
    ^^^^^^^^^^^^^^^^^^^^^^^^^^^^^^^^
  File "E:\formis_app\.env\Lib\site-packages\django\shortcuts.py", line 184, in resolve_url
    return reverse(to, args=args, kwargs=kwargs)
           ^^^^^^^^^^^^^^^^^^^^^^^^^^^^^^^^^^^^^
  File "E:\formis_app\.env\Lib\site-packages\django\urls\base.py", line 98, in reverse
    resolved_url = resolver._reverse_with_prefix(view, prefix, *args, **kwargs)
                   ^^^^^^^^^^^^^^^^^^^^^^^^^^^^^^^^^^^^^^^^^^^^^^^^^^^^^^^^^^^^
  File "E:\formis_app\.env\Lib\site-packages\django\urls\resolvers.py", line 831, in _reverse_with_prefix
    raise NoReverseMatch(msg)
django.urls.exceptions.NoReverseMatch: Reverse for 'inscription_nouvelle' not found. 'inscription_nouvelle' is not a valid view function or pattern name.
INFO 2025-11-04 00:34:34,228 basehttp "GET /payments/public/b4d8eb4c-214e-432e-aab2-27748c97a62b/9DFlPqCsf_EeJfC2fYf9aEgordilUKknbwPjv-ABloY/ HTTP/1.1" 302 0
INFO 2025-11-04 00:34:34,254 basehttp "GET /enrollment/candidature/nouvelle/ HTTP/1.1" 200 65344
WARNING 2025-11-04 00:34:34,396 log Not Found: /.well-known/appspecific/com.chrome.devtools.json
WARNING 2025-11-04 00:34:34,414 basehttp "GET /.well-known/appspecific/com.chrome.devtools.json HTTP/1.1" 404 4132
INFO 2025-11-04 00:34:34,853 basehttp "GET /establishments/api/public/etablissements/ HTTP/1.1" 200 386
INFO 2025-11-04 00:34:34,862 basehttp "GET /establishments/api/public/annees-academiques/ HTTP/1.1" 200 188
INFO 2025-11-04 01:21:34,342 autoreload E:\formis_app\_formis\_formis\settings.py changed, reloading.
INFO 2025-11-04 01:21:39,712 autoreload Watching for file changes with StatReloader
